[2025-02-08T13:15:27.854+0000] {taskinstance.py:1171} INFO - Dependencies all met for <TaskInstance: pipeline_milestone_3.post_to_elasticsearch manual__2025-02-08T13:15:14.063978+00:00 [queued]>
[2025-02-08T13:15:27.866+0000] {taskinstance.py:1171} INFO - Dependencies all met for <TaskInstance: pipeline_milestone_3.post_to_elasticsearch manual__2025-02-08T13:15:14.063978+00:00 [queued]>
[2025-02-08T13:15:27.868+0000] {taskinstance.py:1368} INFO - 
--------------------------------------------------------------------------------
[2025-02-08T13:15:27.868+0000] {taskinstance.py:1369} INFO - Starting attempt 1 of 1
[2025-02-08T13:15:27.868+0000] {taskinstance.py:1370} INFO - 
--------------------------------------------------------------------------------
[2025-02-08T13:15:27.878+0000] {taskinstance.py:1389} INFO - Executing <Task(PythonOperator): post_to_elasticsearch> on 2025-02-08 13:15:14.063978+00:00
[2025-02-08T13:15:27.893+0000] {standard_task_runner.py:52} INFO - Started process 289 to run task
[2025-02-08T13:15:27.896+0000] {standard_task_runner.py:79} INFO - Running: ['***', 'tasks', 'run', 'pipeline_milestone_3', 'post_to_elasticsearch', 'manual__2025-02-08T13:15:14.063978+00:00', '--job-id', '149', '--raw', '--subdir', 'DAGS_FOLDER/P2M3_RizkySP_DAG.py', '--cfg-path', '/tmp/tmp4vrosh4x', '--error-file', '/tmp/tmp6l1ojzdq']
[2025-02-08T13:15:27.898+0000] {standard_task_runner.py:80} INFO - Job 149: Subtask post_to_elasticsearch
[2025-02-08T13:15:27.964+0000] {task_command.py:371} INFO - Running <TaskInstance: pipeline_milestone_3.post_to_elasticsearch manual__2025-02-08T13:15:14.063978+00:00 [running]> on host b33620135048
[2025-02-08T13:15:28.013+0000] {taskinstance.py:1583} INFO - Exporting the following env vars:
AIRFLOW_CTX_DAG_OWNER=RizkySP
AIRFLOW_CTX_DAG_ID=pipeline_milestone_3
AIRFLOW_CTX_TASK_ID=post_to_elasticsearch
AIRFLOW_CTX_EXECUTION_DATE=2025-02-08T13:15:14.063978+00:00
AIRFLOW_CTX_TRY_NUMBER=1
AIRFLOW_CTX_DAG_RUN_ID=manual__2025-02-08T13:15:14.063978+00:00
[2025-02-08T13:15:28.044+0000] {base.py:271} INFO - HEAD http://elasticsearch:9200/ [status:200 request:0.027s]
[2025-02-08T13:15:28.044+0000] {logging_mixin.py:115} INFO - Connected to Elasticsearch
[2025-02-08T13:15:31.448+0000] {base.py:271} INFO - POST http://elasticsearch:9200/milestone3_clean/_doc [status:201 request:2.119s]
[2025-02-08T13:15:32.091+0000] {base.py:271} INFO - POST http://elasticsearch:9200/milestone3_clean/_doc [status:201 request:0.171s]
[2025-02-08T13:15:32.194+0000] {base.py:271} INFO - POST http://elasticsearch:9200/milestone3_clean/_doc [status:201 request:0.053s]
[2025-02-08T13:15:32.351+0000] {base.py:271} INFO - POST http://elasticsearch:9200/milestone3_clean/_doc [status:201 request:0.129s]
[2025-02-08T13:15:32.596+0000] {base.py:271} INFO - POST http://elasticsearch:9200/milestone3_clean/_doc [status:201 request:0.211s]
[2025-02-08T13:15:32.661+0000] {base.py:271} INFO - POST http://elasticsearch:9200/milestone3_clean/_doc [status:201 request:0.044s]
[2025-02-08T13:15:32.759+0000] {base.py:271} INFO - POST http://elasticsearch:9200/milestone3_clean/_doc [status:201 request:0.075s]
[2025-02-08T13:15:32.853+0000] {base.py:271} INFO - POST http://elasticsearch:9200/milestone3_clean/_doc [status:201 request:0.071s]
[2025-02-08T13:15:32.887+0000] {base.py:271} INFO - POST http://elasticsearch:9200/milestone3_clean/_doc [status:201 request:0.019s]
[2025-02-08T13:15:33.054+0000] {base.py:271} INFO - POST http://elasticsearch:9200/milestone3_clean/_doc [status:201 request:0.158s]
[2025-02-08T13:15:33.100+0000] {base.py:271} INFO - POST http://elasticsearch:9200/milestone3_clean/_doc [status:201 request:0.036s]
[2025-02-08T13:15:33.218+0000] {base.py:271} INFO - POST http://elasticsearch:9200/milestone3_clean/_doc [status:201 request:0.099s]
[2025-02-08T13:15:33.501+0000] {base.py:271} INFO - POST http://elasticsearch:9200/milestone3_clean/_doc [status:201 request:0.223s]
[2025-02-08T13:15:33.575+0000] {base.py:271} INFO - POST http://elasticsearch:9200/milestone3_clean/_doc [status:201 request:0.043s]
[2025-02-08T13:15:33.670+0000] {base.py:271} INFO - POST http://elasticsearch:9200/milestone3_clean/_doc [status:201 request:0.059s]
[2025-02-08T13:15:33.716+0000] {base.py:271} INFO - POST http://elasticsearch:9200/milestone3_clean/_doc [status:201 request:0.034s]
[2025-02-08T13:15:33.775+0000] {base.py:271} INFO - POST http://elasticsearch:9200/milestone3_clean/_doc [status:201 request:0.047s]
[2025-02-08T13:15:33.802+0000] {base.py:271} INFO - POST http://elasticsearch:9200/milestone3_clean/_doc [status:201 request:0.025s]
[2025-02-08T13:15:33.890+0000] {base.py:271} INFO - POST http://elasticsearch:9200/milestone3_clean/_doc [status:201 request:0.075s]
[2025-02-08T13:15:34.120+0000] {base.py:271} INFO - POST http://elasticsearch:9200/milestone3_clean/_doc [status:201 request:0.207s]
[2025-02-08T13:15:34.204+0000] {base.py:271} INFO - POST http://elasticsearch:9200/milestone3_clean/_doc [status:201 request:0.057s]
[2025-02-08T13:15:34.361+0000] {base.py:271} INFO - POST http://elasticsearch:9200/milestone3_clean/_doc [status:201 request:0.128s]
[2025-02-08T13:15:34.576+0000] {base.py:271} INFO - POST http://elasticsearch:9200/milestone3_clean/_doc [status:201 request:0.174s]
[2025-02-08T13:15:34.917+0000] {base.py:271} INFO - POST http://elasticsearch:9200/milestone3_clean/_doc [status:201 request:0.211s]
[2025-02-08T13:15:34.994+0000] {base.py:271} INFO - POST http://elasticsearch:9200/milestone3_clean/_doc [status:201 request:0.038s]
[2025-02-08T13:15:35.073+0000] {base.py:271} INFO - POST http://elasticsearch:9200/milestone3_clean/_doc [status:201 request:0.055s]
[2025-02-08T13:15:35.101+0000] {base.py:271} INFO - POST http://elasticsearch:9200/milestone3_clean/_doc [status:201 request:0.016s]
[2025-02-08T13:15:35.143+0000] {base.py:271} INFO - POST http://elasticsearch:9200/milestone3_clean/_doc [status:201 request:0.033s]
[2025-02-08T13:15:35.187+0000] {base.py:271} INFO - POST http://elasticsearch:9200/milestone3_clean/_doc [status:201 request:0.033s]
[2025-02-08T13:15:35.203+0000] {base.py:271} INFO - POST http://elasticsearch:9200/milestone3_clean/_doc [status:201 request:0.010s]
[2025-02-08T13:15:35.219+0000] {base.py:271} INFO - POST http://elasticsearch:9200/milestone3_clean/_doc [status:201 request:0.016s]
[2025-02-08T13:15:35.236+0000] {base.py:271} INFO - POST http://elasticsearch:9200/milestone3_clean/_doc [status:201 request:0.012s]
[2025-02-08T13:15:35.271+0000] {base.py:271} INFO - POST http://elasticsearch:9200/milestone3_clean/_doc [status:201 request:0.031s]
[2025-02-08T13:15:35.308+0000] {base.py:271} INFO - POST http://elasticsearch:9200/milestone3_clean/_doc [status:201 request:0.031s]
[2025-02-08T13:15:35.363+0000] {base.py:271} INFO - POST http://elasticsearch:9200/milestone3_clean/_doc [status:201 request:0.049s]
[2025-02-08T13:15:35.385+0000] {base.py:271} INFO - POST http://elasticsearch:9200/milestone3_clean/_doc [status:201 request:0.018s]
[2025-02-08T13:15:35.392+0000] {base.py:271} INFO - POST http://elasticsearch:9200/milestone3_clean/_doc [status:201 request:0.007s]
[2025-02-08T13:15:35.401+0000] {base.py:271} INFO - POST http://elasticsearch:9200/milestone3_clean/_doc [status:201 request:0.006s]
[2025-02-08T13:15:35.407+0000] {base.py:271} INFO - POST http://elasticsearch:9200/milestone3_clean/_doc [status:201 request:0.006s]
[2025-02-08T13:15:35.414+0000] {base.py:271} INFO - POST http://elasticsearch:9200/milestone3_clean/_doc [status:201 request:0.005s]
[2025-02-08T13:15:35.418+0000] {base.py:271} INFO - POST http://elasticsearch:9200/milestone3_clean/_doc [status:201 request:0.003s]
[2025-02-08T13:15:35.422+0000] {base.py:271} INFO - POST http://elasticsearch:9200/milestone3_clean/_doc [status:201 request:0.003s]
[2025-02-08T13:15:35.427+0000] {base.py:271} INFO - POST http://elasticsearch:9200/milestone3_clean/_doc [status:201 request:0.004s]
[2025-02-08T13:15:35.431+0000] {base.py:271} INFO - POST http://elasticsearch:9200/milestone3_clean/_doc [status:201 request:0.003s]
[2025-02-08T13:15:35.436+0000] {base.py:271} INFO - POST http://elasticsearch:9200/milestone3_clean/_doc [status:201 request:0.005s]
[2025-02-08T13:15:35.440+0000] {base.py:271} INFO - POST http://elasticsearch:9200/milestone3_clean/_doc [status:201 request:0.004s]
[2025-02-08T13:15:35.443+0000] {base.py:271} INFO - POST http://elasticsearch:9200/milestone3_clean/_doc [status:201 request:0.003s]
[2025-02-08T13:15:35.446+0000] {base.py:271} INFO - POST http://elasticsearch:9200/milestone3_clean/_doc [status:201 request:0.002s]
[2025-02-08T13:15:35.448+0000] {base.py:271} INFO - POST http://elasticsearch:9200/milestone3_clean/_doc [status:201 request:0.002s]
[2025-02-08T13:15:35.455+0000] {base.py:271} INFO - POST http://elasticsearch:9200/milestone3_clean/_doc [status:201 request:0.006s]
[2025-02-08T13:15:35.468+0000] {base.py:271} INFO - POST http://elasticsearch:9200/milestone3_clean/_doc [status:201 request:0.013s]
[2025-02-08T13:15:35.477+0000] {base.py:271} INFO - POST http://elasticsearch:9200/milestone3_clean/_doc [status:201 request:0.007s]
[2025-02-08T13:15:35.483+0000] {base.py:271} INFO - POST http://elasticsearch:9200/milestone3_clean/_doc [status:201 request:0.005s]
[2025-02-08T13:15:35.490+0000] {base.py:271} INFO - POST http://elasticsearch:9200/milestone3_clean/_doc [status:201 request:0.005s]
[2025-02-08T13:15:35.503+0000] {base.py:271} INFO - POST http://elasticsearch:9200/milestone3_clean/_doc [status:201 request:0.011s]
[2025-02-08T13:15:35.522+0000] {base.py:271} INFO - POST http://elasticsearch:9200/milestone3_clean/_doc [status:201 request:0.015s]
[2025-02-08T13:15:35.546+0000] {base.py:271} INFO - POST http://elasticsearch:9200/milestone3_clean/_doc [status:201 request:0.021s]
[2025-02-08T13:15:35.564+0000] {base.py:271} INFO - POST http://elasticsearch:9200/milestone3_clean/_doc [status:201 request:0.013s]
[2025-02-08T13:15:35.572+0000] {base.py:271} INFO - POST http://elasticsearch:9200/milestone3_clean/_doc [status:201 request:0.005s]
[2025-02-08T13:15:35.578+0000] {base.py:271} INFO - POST http://elasticsearch:9200/milestone3_clean/_doc [status:201 request:0.005s]
[2025-02-08T13:15:35.584+0000] {base.py:271} INFO - POST http://elasticsearch:9200/milestone3_clean/_doc [status:201 request:0.005s]
[2025-02-08T13:15:35.588+0000] {base.py:271} INFO - POST http://elasticsearch:9200/milestone3_clean/_doc [status:201 request:0.003s]
[2025-02-08T13:15:35.593+0000] {base.py:271} INFO - POST http://elasticsearch:9200/milestone3_clean/_doc [status:201 request:0.004s]
[2025-02-08T13:15:35.596+0000] {base.py:271} INFO - POST http://elasticsearch:9200/milestone3_clean/_doc [status:201 request:0.002s]
[2025-02-08T13:15:35.598+0000] {base.py:271} INFO - POST http://elasticsearch:9200/milestone3_clean/_doc [status:201 request:0.002s]
[2025-02-08T13:15:35.600+0000] {base.py:271} INFO - POST http://elasticsearch:9200/milestone3_clean/_doc [status:201 request:0.002s]
[2025-02-08T13:15:35.603+0000] {base.py:271} INFO - POST http://elasticsearch:9200/milestone3_clean/_doc [status:201 request:0.002s]
[2025-02-08T13:15:35.605+0000] {base.py:271} INFO - POST http://elasticsearch:9200/milestone3_clean/_doc [status:201 request:0.002s]
[2025-02-08T13:15:35.607+0000] {base.py:271} INFO - POST http://elasticsearch:9200/milestone3_clean/_doc [status:201 request:0.002s]
[2025-02-08T13:15:35.610+0000] {base.py:271} INFO - POST http://elasticsearch:9200/milestone3_clean/_doc [status:201 request:0.002s]
[2025-02-08T13:15:35.612+0000] {base.py:271} INFO - POST http://elasticsearch:9200/milestone3_clean/_doc [status:201 request:0.002s]
[2025-02-08T13:15:35.613+0000] {base.py:271} INFO - POST http://elasticsearch:9200/milestone3_clean/_doc [status:201 request:0.001s]
[2025-02-08T13:15:35.615+0000] {base.py:271} INFO - POST http://elasticsearch:9200/milestone3_clean/_doc [status:201 request:0.002s]
[2025-02-08T13:15:35.617+0000] {base.py:271} INFO - POST http://elasticsearch:9200/milestone3_clean/_doc [status:201 request:0.002s]
[2025-02-08T13:15:35.621+0000] {base.py:271} INFO - POST http://elasticsearch:9200/milestone3_clean/_doc [status:201 request:0.003s]
[2025-02-08T13:15:35.625+0000] {base.py:271} INFO - POST http://elasticsearch:9200/milestone3_clean/_doc [status:201 request:0.004s]
[2025-02-08T13:15:35.629+0000] {base.py:271} INFO - POST http://elasticsearch:9200/milestone3_clean/_doc [status:201 request:0.003s]
[2025-02-08T13:15:35.632+0000] {base.py:271} INFO - POST http://elasticsearch:9200/milestone3_clean/_doc [status:201 request:0.002s]
[2025-02-08T13:15:35.635+0000] {base.py:271} INFO - POST http://elasticsearch:9200/milestone3_clean/_doc [status:201 request:0.002s]
[2025-02-08T13:15:35.638+0000] {base.py:271} INFO - POST http://elasticsearch:9200/milestone3_clean/_doc [status:201 request:0.003s]
[2025-02-08T13:15:35.640+0000] {base.py:271} INFO - POST http://elasticsearch:9200/milestone3_clean/_doc [status:201 request:0.002s]
[2025-02-08T13:15:35.642+0000] {base.py:271} INFO - POST http://elasticsearch:9200/milestone3_clean/_doc [status:201 request:0.002s]
[2025-02-08T13:15:35.644+0000] {base.py:271} INFO - POST http://elasticsearch:9200/milestone3_clean/_doc [status:201 request:0.001s]
[2025-02-08T13:15:35.645+0000] {base.py:271} INFO - POST http://elasticsearch:9200/milestone3_clean/_doc [status:201 request:0.001s]
[2025-02-08T13:15:35.647+0000] {base.py:271} INFO - POST http://elasticsearch:9200/milestone3_clean/_doc [status:201 request:0.001s]
[2025-02-08T13:15:35.649+0000] {base.py:271} INFO - POST http://elasticsearch:9200/milestone3_clean/_doc [status:201 request:0.001s]
[2025-02-08T13:15:35.651+0000] {base.py:271} INFO - POST http://elasticsearch:9200/milestone3_clean/_doc [status:201 request:0.002s]
[2025-02-08T13:15:35.654+0000] {base.py:271} INFO - POST http://elasticsearch:9200/milestone3_clean/_doc [status:201 request:0.002s]
[2025-02-08T13:15:35.656+0000] {base.py:271} INFO - POST http://elasticsearch:9200/milestone3_clean/_doc [status:201 request:0.002s]
[2025-02-08T13:15:35.658+0000] {base.py:271} INFO - POST http://elasticsearch:9200/milestone3_clean/_doc [status:201 request:0.001s]
[2025-02-08T13:15:35.659+0000] {base.py:271} INFO - POST http://elasticsearch:9200/milestone3_clean/_doc [status:201 request:0.001s]
[2025-02-08T13:15:35.661+0000] {base.py:271} INFO - POST http://elasticsearch:9200/milestone3_clean/_doc [status:201 request:0.001s]
[2025-02-08T13:15:35.663+0000] {base.py:271} INFO - POST http://elasticsearch:9200/milestone3_clean/_doc [status:201 request:0.001s]
[2025-02-08T13:15:35.664+0000] {base.py:271} INFO - POST http://elasticsearch:9200/milestone3_clean/_doc [status:201 request:0.001s]
[2025-02-08T13:15:35.665+0000] {base.py:271} INFO - POST http://elasticsearch:9200/milestone3_clean/_doc [status:201 request:0.001s]
[2025-02-08T13:15:35.667+0000] {base.py:271} INFO - POST http://elasticsearch:9200/milestone3_clean/_doc [status:201 request:0.001s]
[2025-02-08T13:15:35.668+0000] {base.py:271} INFO - POST http://elasticsearch:9200/milestone3_clean/_doc [status:201 request:0.001s]
[2025-02-08T13:15:35.670+0000] {base.py:271} INFO - POST http://elasticsearch:9200/milestone3_clean/_doc [status:201 request:0.001s]
[2025-02-08T13:15:35.671+0000] {base.py:271} INFO - POST http://elasticsearch:9200/milestone3_clean/_doc [status:201 request:0.001s]
[2025-02-08T13:15:35.672+0000] {base.py:271} INFO - POST http://elasticsearch:9200/milestone3_clean/_doc [status:201 request:0.001s]
[2025-02-08T13:15:35.674+0000] {base.py:271} INFO - POST http://elasticsearch:9200/milestone3_clean/_doc [status:201 request:0.002s]
[2025-02-08T13:15:35.677+0000] {base.py:271} INFO - POST http://elasticsearch:9200/milestone3_clean/_doc [status:201 request:0.002s]
[2025-02-08T13:15:35.679+0000] {base.py:271} INFO - POST http://elasticsearch:9200/milestone3_clean/_doc [status:201 request:0.002s]
[2025-02-08T13:15:35.681+0000] {base.py:271} INFO - POST http://elasticsearch:9200/milestone3_clean/_doc [status:201 request:0.002s]
[2025-02-08T13:15:35.683+0000] {base.py:271} INFO - POST http://elasticsearch:9200/milestone3_clean/_doc [status:201 request:0.001s]
[2025-02-08T13:15:35.685+0000] {base.py:271} INFO - POST http://elasticsearch:9200/milestone3_clean/_doc [status:201 request:0.002s]
[2025-02-08T13:15:35.687+0000] {base.py:271} INFO - POST http://elasticsearch:9200/milestone3_clean/_doc [status:201 request:0.002s]
[2025-02-08T13:15:35.690+0000] {base.py:271} INFO - POST http://elasticsearch:9200/milestone3_clean/_doc [status:201 request:0.003s]
[2025-02-08T13:15:35.692+0000] {base.py:271} INFO - POST http://elasticsearch:9200/milestone3_clean/_doc [status:201 request:0.001s]
[2025-02-08T13:15:35.693+0000] {base.py:271} INFO - POST http://elasticsearch:9200/milestone3_clean/_doc [status:201 request:0.001s]
[2025-02-08T13:15:35.695+0000] {base.py:271} INFO - POST http://elasticsearch:9200/milestone3_clean/_doc [status:201 request:0.001s]
[2025-02-08T13:15:35.696+0000] {base.py:271} INFO - POST http://elasticsearch:9200/milestone3_clean/_doc [status:201 request:0.001s]
[2025-02-08T13:15:35.698+0000] {base.py:271} INFO - POST http://elasticsearch:9200/milestone3_clean/_doc [status:201 request:0.001s]
[2025-02-08T13:15:35.699+0000] {base.py:271} INFO - POST http://elasticsearch:9200/milestone3_clean/_doc [status:201 request:0.002s]
[2025-02-08T13:15:35.701+0000] {base.py:271} INFO - POST http://elasticsearch:9200/milestone3_clean/_doc [status:201 request:0.001s]
[2025-02-08T13:15:35.702+0000] {base.py:271} INFO - POST http://elasticsearch:9200/milestone3_clean/_doc [status:201 request:0.001s]
[2025-02-08T13:15:35.704+0000] {base.py:271} INFO - POST http://elasticsearch:9200/milestone3_clean/_doc [status:201 request:0.001s]
[2025-02-08T13:15:35.705+0000] {base.py:271} INFO - POST http://elasticsearch:9200/milestone3_clean/_doc [status:201 request:0.001s]
[2025-02-08T13:15:35.707+0000] {base.py:271} INFO - POST http://elasticsearch:9200/milestone3_clean/_doc [status:201 request:0.001s]
[2025-02-08T13:15:35.708+0000] {base.py:271} INFO - POST http://elasticsearch:9200/milestone3_clean/_doc [status:201 request:0.001s]
[2025-02-08T13:15:35.713+0000] {base.py:271} INFO - POST http://elasticsearch:9200/milestone3_clean/_doc [status:201 request:0.005s]
[2025-02-08T13:15:35.717+0000] {base.py:271} INFO - POST http://elasticsearch:9200/milestone3_clean/_doc [status:201 request:0.003s]
[2025-02-08T13:15:35.719+0000] {base.py:271} INFO - POST http://elasticsearch:9200/milestone3_clean/_doc [status:201 request:0.002s]
[2025-02-08T13:15:35.722+0000] {base.py:271} INFO - POST http://elasticsearch:9200/milestone3_clean/_doc [status:201 request:0.002s]
[2025-02-08T13:15:35.723+0000] {base.py:271} INFO - POST http://elasticsearch:9200/milestone3_clean/_doc [status:201 request:0.001s]
[2025-02-08T13:15:35.725+0000] {base.py:271} INFO - POST http://elasticsearch:9200/milestone3_clean/_doc [status:201 request:0.001s]
[2025-02-08T13:15:35.726+0000] {base.py:271} INFO - POST http://elasticsearch:9200/milestone3_clean/_doc [status:201 request:0.001s]
[2025-02-08T13:15:35.728+0000] {base.py:271} INFO - POST http://elasticsearch:9200/milestone3_clean/_doc [status:201 request:0.002s]
[2025-02-08T13:15:35.732+0000] {base.py:271} INFO - POST http://elasticsearch:9200/milestone3_clean/_doc [status:201 request:0.002s]
[2025-02-08T13:15:35.734+0000] {base.py:271} INFO - POST http://elasticsearch:9200/milestone3_clean/_doc [status:201 request:0.001s]
[2025-02-08T13:15:35.736+0000] {base.py:271} INFO - POST http://elasticsearch:9200/milestone3_clean/_doc [status:201 request:0.002s]
[2025-02-08T13:15:35.740+0000] {base.py:271} INFO - POST http://elasticsearch:9200/milestone3_clean/_doc [status:201 request:0.004s]
[2025-02-08T13:15:35.742+0000] {base.py:271} INFO - POST http://elasticsearch:9200/milestone3_clean/_doc [status:201 request:0.001s]
[2025-02-08T13:15:35.743+0000] {base.py:271} INFO - POST http://elasticsearch:9200/milestone3_clean/_doc [status:201 request:0.001s]
[2025-02-08T13:15:35.745+0000] {base.py:271} INFO - POST http://elasticsearch:9200/milestone3_clean/_doc [status:201 request:0.001s]
[2025-02-08T13:15:35.746+0000] {base.py:271} INFO - POST http://elasticsearch:9200/milestone3_clean/_doc [status:201 request:0.001s]
[2025-02-08T13:15:35.748+0000] {base.py:271} INFO - POST http://elasticsearch:9200/milestone3_clean/_doc [status:201 request:0.001s]
[2025-02-08T13:15:35.749+0000] {base.py:271} INFO - POST http://elasticsearch:9200/milestone3_clean/_doc [status:201 request:0.002s]
[2025-02-08T13:15:35.751+0000] {base.py:271} INFO - POST http://elasticsearch:9200/milestone3_clean/_doc [status:201 request:0.002s]
[2025-02-08T13:15:35.764+0000] {base.py:271} INFO - POST http://elasticsearch:9200/milestone3_clean/_doc [status:201 request:0.009s]
[2025-02-08T13:15:35.830+0000] {base.py:271} INFO - POST http://elasticsearch:9200/milestone3_clean/_doc [status:201 request:0.050s]
[2025-02-08T13:15:35.897+0000] {base.py:271} INFO - POST http://elasticsearch:9200/milestone3_clean/_doc [status:201 request:0.053s]
[2025-02-08T13:15:35.938+0000] {base.py:271} INFO - POST http://elasticsearch:9200/milestone3_clean/_doc [status:201 request:0.036s]
[2025-02-08T13:15:35.967+0000] {base.py:271} INFO - POST http://elasticsearch:9200/milestone3_clean/_doc [status:201 request:0.021s]
[2025-02-08T13:15:35.977+0000] {base.py:271} INFO - POST http://elasticsearch:9200/milestone3_clean/_doc [status:201 request:0.008s]
[2025-02-08T13:15:35.989+0000] {base.py:271} INFO - POST http://elasticsearch:9200/milestone3_clean/_doc [status:201 request:0.008s]
[2025-02-08T13:15:36.005+0000] {base.py:271} INFO - POST http://elasticsearch:9200/milestone3_clean/_doc [status:201 request:0.010s]
[2025-02-08T13:15:36.017+0000] {base.py:271} INFO - POST http://elasticsearch:9200/milestone3_clean/_doc [status:201 request:0.009s]
[2025-02-08T13:15:36.021+0000] {base.py:271} INFO - POST http://elasticsearch:9200/milestone3_clean/_doc [status:201 request:0.003s]
[2025-02-08T13:15:36.023+0000] {base.py:271} INFO - POST http://elasticsearch:9200/milestone3_clean/_doc [status:201 request:0.002s]
[2025-02-08T13:15:36.027+0000] {base.py:271} INFO - POST http://elasticsearch:9200/milestone3_clean/_doc [status:201 request:0.003s]
[2025-02-08T13:15:36.029+0000] {base.py:271} INFO - POST http://elasticsearch:9200/milestone3_clean/_doc [status:201 request:0.002s]
[2025-02-08T13:15:36.031+0000] {base.py:271} INFO - POST http://elasticsearch:9200/milestone3_clean/_doc [status:201 request:0.002s]
[2025-02-08T13:15:36.033+0000] {base.py:271} INFO - POST http://elasticsearch:9200/milestone3_clean/_doc [status:201 request:0.002s]
[2025-02-08T13:15:36.035+0000] {base.py:271} INFO - POST http://elasticsearch:9200/milestone3_clean/_doc [status:201 request:0.001s]
[2025-02-08T13:15:36.037+0000] {base.py:271} INFO - POST http://elasticsearch:9200/milestone3_clean/_doc [status:201 request:0.001s]
[2025-02-08T13:15:36.038+0000] {base.py:271} INFO - POST http://elasticsearch:9200/milestone3_clean/_doc [status:201 request:0.001s]
[2025-02-08T13:15:36.039+0000] {base.py:271} INFO - POST http://elasticsearch:9200/milestone3_clean/_doc [status:201 request:0.001s]
[2025-02-08T13:15:36.041+0000] {base.py:271} INFO - POST http://elasticsearch:9200/milestone3_clean/_doc [status:201 request:0.001s]
[2025-02-08T13:15:36.042+0000] {base.py:271} INFO - POST http://elasticsearch:9200/milestone3_clean/_doc [status:201 request:0.002s]
[2025-02-08T13:15:36.044+0000] {base.py:271} INFO - POST http://elasticsearch:9200/milestone3_clean/_doc [status:201 request:0.001s]
[2025-02-08T13:15:36.046+0000] {base.py:271} INFO - POST http://elasticsearch:9200/milestone3_clean/_doc [status:201 request:0.002s]
[2025-02-08T13:15:36.050+0000] {base.py:271} INFO - POST http://elasticsearch:9200/milestone3_clean/_doc [status:201 request:0.003s]
[2025-02-08T13:15:36.062+0000] {base.py:271} INFO - POST http://elasticsearch:9200/milestone3_clean/_doc [status:201 request:0.009s]
[2025-02-08T13:15:36.068+0000] {base.py:271} INFO - POST http://elasticsearch:9200/milestone3_clean/_doc [status:201 request:0.005s]
[2025-02-08T13:15:36.072+0000] {base.py:271} INFO - POST http://elasticsearch:9200/milestone3_clean/_doc [status:201 request:0.003s]
[2025-02-08T13:15:36.076+0000] {base.py:271} INFO - POST http://elasticsearch:9200/milestone3_clean/_doc [status:201 request:0.004s]
[2025-02-08T13:15:36.078+0000] {base.py:271} INFO - POST http://elasticsearch:9200/milestone3_clean/_doc [status:201 request:0.002s]
[2025-02-08T13:15:36.081+0000] {base.py:271} INFO - POST http://elasticsearch:9200/milestone3_clean/_doc [status:201 request:0.003s]
[2025-02-08T13:15:36.089+0000] {base.py:271} INFO - POST http://elasticsearch:9200/milestone3_clean/_doc [status:201 request:0.007s]
[2025-02-08T13:15:36.110+0000] {base.py:271} INFO - POST http://elasticsearch:9200/milestone3_clean/_doc [status:201 request:0.013s]
[2025-02-08T13:15:36.125+0000] {base.py:271} INFO - POST http://elasticsearch:9200/milestone3_clean/_doc [status:201 request:0.012s]
[2025-02-08T13:15:36.138+0000] {base.py:271} INFO - POST http://elasticsearch:9200/milestone3_clean/_doc [status:201 request:0.010s]
[2025-02-08T13:15:36.142+0000] {base.py:271} INFO - POST http://elasticsearch:9200/milestone3_clean/_doc [status:201 request:0.003s]
[2025-02-08T13:15:36.144+0000] {base.py:271} INFO - POST http://elasticsearch:9200/milestone3_clean/_doc [status:201 request:0.002s]
[2025-02-08T13:15:36.147+0000] {base.py:271} INFO - POST http://elasticsearch:9200/milestone3_clean/_doc [status:201 request:0.002s]
[2025-02-08T13:15:36.149+0000] {base.py:271} INFO - POST http://elasticsearch:9200/milestone3_clean/_doc [status:201 request:0.002s]
[2025-02-08T13:15:36.153+0000] {base.py:271} INFO - POST http://elasticsearch:9200/milestone3_clean/_doc [status:201 request:0.004s]
[2025-02-08T13:15:36.164+0000] {base.py:271} INFO - POST http://elasticsearch:9200/milestone3_clean/_doc [status:201 request:0.008s]
[2025-02-08T13:15:36.174+0000] {base.py:271} INFO - POST http://elasticsearch:9200/milestone3_clean/_doc [status:201 request:0.008s]
[2025-02-08T13:15:36.185+0000] {base.py:271} INFO - POST http://elasticsearch:9200/milestone3_clean/_doc [status:201 request:0.009s]
[2025-02-08T13:15:36.191+0000] {base.py:271} INFO - POST http://elasticsearch:9200/milestone3_clean/_doc [status:201 request:0.004s]
[2025-02-08T13:15:36.193+0000] {base.py:271} INFO - POST http://elasticsearch:9200/milestone3_clean/_doc [status:201 request:0.001s]
[2025-02-08T13:15:36.194+0000] {base.py:271} INFO - POST http://elasticsearch:9200/milestone3_clean/_doc [status:201 request:0.001s]
[2025-02-08T13:15:36.196+0000] {base.py:271} INFO - POST http://elasticsearch:9200/milestone3_clean/_doc [status:201 request:0.001s]
[2025-02-08T13:15:36.197+0000] {base.py:271} INFO - POST http://elasticsearch:9200/milestone3_clean/_doc [status:201 request:0.001s]
[2025-02-08T13:15:36.199+0000] {base.py:271} INFO - POST http://elasticsearch:9200/milestone3_clean/_doc [status:201 request:0.001s]
[2025-02-08T13:15:36.201+0000] {base.py:271} INFO - POST http://elasticsearch:9200/milestone3_clean/_doc [status:201 request:0.002s]
[2025-02-08T13:15:36.203+0000] {base.py:271} INFO - POST http://elasticsearch:9200/milestone3_clean/_doc [status:201 request:0.002s]
[2025-02-08T13:15:36.204+0000] {base.py:271} INFO - POST http://elasticsearch:9200/milestone3_clean/_doc [status:201 request:0.001s]
[2025-02-08T13:15:36.206+0000] {base.py:271} INFO - POST http://elasticsearch:9200/milestone3_clean/_doc [status:201 request:0.001s]
[2025-02-08T13:15:36.207+0000] {base.py:271} INFO - POST http://elasticsearch:9200/milestone3_clean/_doc [status:201 request:0.001s]
[2025-02-08T13:15:36.209+0000] {base.py:271} INFO - POST http://elasticsearch:9200/milestone3_clean/_doc [status:201 request:0.001s]
[2025-02-08T13:15:36.210+0000] {base.py:271} INFO - POST http://elasticsearch:9200/milestone3_clean/_doc [status:201 request:0.001s]
[2025-02-08T13:15:36.212+0000] {base.py:271} INFO - POST http://elasticsearch:9200/milestone3_clean/_doc [status:201 request:0.001s]
[2025-02-08T13:15:36.214+0000] {base.py:271} INFO - POST http://elasticsearch:9200/milestone3_clean/_doc [status:201 request:0.002s]
[2025-02-08T13:15:36.216+0000] {base.py:271} INFO - POST http://elasticsearch:9200/milestone3_clean/_doc [status:201 request:0.002s]
[2025-02-08T13:15:36.217+0000] {base.py:271} INFO - POST http://elasticsearch:9200/milestone3_clean/_doc [status:201 request:0.001s]
[2025-02-08T13:15:36.220+0000] {base.py:271} INFO - POST http://elasticsearch:9200/milestone3_clean/_doc [status:201 request:0.002s]
[2025-02-08T13:15:36.223+0000] {base.py:271} INFO - POST http://elasticsearch:9200/milestone3_clean/_doc [status:201 request:0.002s]
[2025-02-08T13:15:36.225+0000] {base.py:271} INFO - POST http://elasticsearch:9200/milestone3_clean/_doc [status:201 request:0.002s]
[2025-02-08T13:15:36.227+0000] {base.py:271} INFO - POST http://elasticsearch:9200/milestone3_clean/_doc [status:201 request:0.002s]
[2025-02-08T13:15:36.229+0000] {base.py:271} INFO - POST http://elasticsearch:9200/milestone3_clean/_doc [status:201 request:0.001s]
[2025-02-08T13:15:36.231+0000] {base.py:271} INFO - POST http://elasticsearch:9200/milestone3_clean/_doc [status:201 request:0.003s]
[2025-02-08T13:15:36.234+0000] {base.py:271} INFO - POST http://elasticsearch:9200/milestone3_clean/_doc [status:201 request:0.002s]
[2025-02-08T13:15:36.237+0000] {base.py:271} INFO - POST http://elasticsearch:9200/milestone3_clean/_doc [status:201 request:0.002s]
[2025-02-08T13:15:36.240+0000] {base.py:271} INFO - POST http://elasticsearch:9200/milestone3_clean/_doc [status:201 request:0.002s]
[2025-02-08T13:15:36.242+0000] {base.py:271} INFO - POST http://elasticsearch:9200/milestone3_clean/_doc [status:201 request:0.002s]
[2025-02-08T13:15:36.243+0000] {base.py:271} INFO - POST http://elasticsearch:9200/milestone3_clean/_doc [status:201 request:0.001s]
[2025-02-08T13:15:36.245+0000] {base.py:271} INFO - POST http://elasticsearch:9200/milestone3_clean/_doc [status:201 request:0.001s]
[2025-02-08T13:15:36.246+0000] {base.py:271} INFO - POST http://elasticsearch:9200/milestone3_clean/_doc [status:201 request:0.002s]
[2025-02-08T13:15:36.248+0000] {base.py:271} INFO - POST http://elasticsearch:9200/milestone3_clean/_doc [status:201 request:0.001s]
[2025-02-08T13:15:36.249+0000] {base.py:271} INFO - POST http://elasticsearch:9200/milestone3_clean/_doc [status:201 request:0.001s]
[2025-02-08T13:15:36.251+0000] {base.py:271} INFO - POST http://elasticsearch:9200/milestone3_clean/_doc [status:201 request:0.002s]
[2025-02-08T13:15:36.253+0000] {base.py:271} INFO - POST http://elasticsearch:9200/milestone3_clean/_doc [status:201 request:0.001s]
[2025-02-08T13:15:36.254+0000] {base.py:271} INFO - POST http://elasticsearch:9200/milestone3_clean/_doc [status:201 request:0.001s]
[2025-02-08T13:15:36.255+0000] {base.py:271} INFO - POST http://elasticsearch:9200/milestone3_clean/_doc [status:201 request:0.001s]
[2025-02-08T13:15:36.256+0000] {base.py:271} INFO - POST http://elasticsearch:9200/milestone3_clean/_doc [status:201 request:0.001s]
[2025-02-08T13:15:36.258+0000] {base.py:271} INFO - POST http://elasticsearch:9200/milestone3_clean/_doc [status:201 request:0.001s]
[2025-02-08T13:15:36.260+0000] {base.py:271} INFO - POST http://elasticsearch:9200/milestone3_clean/_doc [status:201 request:0.002s]
[2025-02-08T13:15:36.261+0000] {base.py:271} INFO - POST http://elasticsearch:9200/milestone3_clean/_doc [status:201 request:0.001s]
[2025-02-08T13:15:36.262+0000] {base.py:271} INFO - POST http://elasticsearch:9200/milestone3_clean/_doc [status:201 request:0.001s]
[2025-02-08T13:15:36.266+0000] {base.py:271} INFO - POST http://elasticsearch:9200/milestone3_clean/_doc [status:201 request:0.003s]
[2025-02-08T13:15:36.268+0000] {base.py:271} INFO - POST http://elasticsearch:9200/milestone3_clean/_doc [status:201 request:0.002s]
[2025-02-08T13:15:36.271+0000] {base.py:271} INFO - POST http://elasticsearch:9200/milestone3_clean/_doc [status:201 request:0.002s]
[2025-02-08T13:15:36.287+0000] {base.py:271} INFO - POST http://elasticsearch:9200/milestone3_clean/_doc [status:201 request:0.016s]
[2025-02-08T13:15:36.337+0000] {base.py:271} INFO - POST http://elasticsearch:9200/milestone3_clean/_doc [status:201 request:0.044s]
[2025-02-08T13:15:36.357+0000] {base.py:271} INFO - POST http://elasticsearch:9200/milestone3_clean/_doc [status:201 request:0.016s]
[2025-02-08T13:15:36.382+0000] {base.py:271} INFO - POST http://elasticsearch:9200/milestone3_clean/_doc [status:201 request:0.018s]
[2025-02-08T13:15:36.410+0000] {base.py:271} INFO - POST http://elasticsearch:9200/milestone3_clean/_doc [status:201 request:0.024s]
[2025-02-08T13:15:36.438+0000] {base.py:271} INFO - POST http://elasticsearch:9200/milestone3_clean/_doc [status:201 request:0.018s]
[2025-02-08T13:15:36.587+0000] {base.py:271} INFO - POST http://elasticsearch:9200/milestone3_clean/_doc [status:201 request:0.143s]
[2025-02-08T13:15:36.665+0000] {base.py:271} INFO - POST http://elasticsearch:9200/milestone3_clean/_doc [status:201 request:0.067s]
[2025-02-08T13:15:36.759+0000] {base.py:271} INFO - POST http://elasticsearch:9200/milestone3_clean/_doc [status:201 request:0.042s]
[2025-02-08T13:15:36.909+0000] {base.py:271} INFO - POST http://elasticsearch:9200/milestone3_clean/_doc [status:201 request:0.127s]
[2025-02-08T13:15:36.984+0000] {base.py:271} INFO - POST http://elasticsearch:9200/milestone3_clean/_doc [status:201 request:0.044s]
[2025-02-08T13:15:37.096+0000] {base.py:271} INFO - POST http://elasticsearch:9200/milestone3_clean/_doc [status:201 request:0.105s]
[2025-02-08T13:15:37.550+0000] {base.py:271} INFO - POST http://elasticsearch:9200/milestone3_clean/_doc [status:201 request:0.358s]
[2025-02-08T13:15:38.232+0000] {base.py:271} INFO - POST http://elasticsearch:9200/milestone3_clean/_doc [status:201 request:0.340s]
[2025-02-08T13:15:38.467+0000] {base.py:271} INFO - POST http://elasticsearch:9200/milestone3_clean/_doc [status:201 request:0.102s]
[2025-02-08T13:15:38.588+0000] {base.py:271} INFO - POST http://elasticsearch:9200/milestone3_clean/_doc [status:201 request:0.075s]
[2025-02-08T13:15:38.724+0000] {base.py:271} INFO - POST http://elasticsearch:9200/milestone3_clean/_doc [status:201 request:0.066s]
[2025-02-08T13:15:39.041+0000] {base.py:271} INFO - POST http://elasticsearch:9200/milestone3_clean/_doc [status:201 request:0.274s]
[2025-02-08T13:15:39.936+0000] {base.py:271} INFO - POST http://elasticsearch:9200/milestone3_clean/_doc [status:201 request:0.600s]
[2025-02-08T13:15:40.287+0000] {base.py:271} INFO - POST http://elasticsearch:9200/milestone3_clean/_doc [status:201 request:0.170s]
[2025-02-08T13:15:41.033+0000] {base.py:271} INFO - POST http://elasticsearch:9200/milestone3_clean/_doc [status:201 request:0.702s]
[2025-02-08T13:15:41.784+0000] {base.py:271} INFO - POST http://elasticsearch:9200/milestone3_clean/_doc [status:201 request:0.411s]
[2025-02-08T13:15:42.219+0000] {base.py:271} INFO - POST http://elasticsearch:9200/milestone3_clean/_doc [status:201 request:0.406s]
[2025-02-08T13:15:42.553+0000] {base.py:271} INFO - POST http://elasticsearch:9200/milestone3_clean/_doc [status:201 request:0.064s]
[2025-02-08T13:15:43.312+0000] {base.py:271} INFO - POST http://elasticsearch:9200/milestone3_clean/_doc [status:201 request:0.451s]
[2025-02-08T13:15:44.115+0000] {base.py:271} INFO - POST http://elasticsearch:9200/milestone3_clean/_doc [status:201 request:0.650s]
[2025-02-08T13:15:44.871+0000] {base.py:271} INFO - POST http://elasticsearch:9200/milestone3_clean/_doc [status:201 request:0.280s]
[2025-02-08T13:15:45.506+0000] {base.py:271} INFO - POST http://elasticsearch:9200/milestone3_clean/_doc [status:201 request:0.504s]
[2025-02-08T13:15:45.840+0000] {base.py:271} INFO - POST http://elasticsearch:9200/milestone3_clean/_doc [status:201 request:0.109s]
[2025-02-08T13:15:46.045+0000] {base.py:271} INFO - POST http://elasticsearch:9200/milestone3_clean/_doc [status:201 request:0.094s]
[2025-02-08T13:15:46.746+0000] {base.py:271} INFO - POST http://elasticsearch:9200/milestone3_clean/_doc [status:201 request:0.150s]
[2025-02-08T13:15:47.536+0000] {base.py:271} INFO - POST http://elasticsearch:9200/milestone3_clean/_doc [status:201 request:0.691s]
[2025-02-08T13:15:48.000+0000] {base.py:271} INFO - POST http://elasticsearch:9200/milestone3_clean/_doc [status:201 request:0.349s]
[2025-02-08T13:15:48.159+0000] {base.py:271} INFO - POST http://elasticsearch:9200/milestone3_clean/_doc [status:201 request:0.069s]
[2025-02-08T13:15:48.334+0000] {base.py:271} INFO - POST http://elasticsearch:9200/milestone3_clean/_doc [status:201 request:0.144s]
[2025-02-08T13:15:48.711+0000] {base.py:271} INFO - POST http://elasticsearch:9200/milestone3_clean/_doc [status:201 request:0.322s]
[2025-02-08T13:15:49.660+0000] {base.py:271} INFO - POST http://elasticsearch:9200/milestone3_clean/_doc [status:201 request:0.819s]
[2025-02-08T13:15:51.079+0000] {base.py:271} INFO - POST http://elasticsearch:9200/milestone3_clean/_doc [status:201 request:0.665s]
[2025-02-08T13:15:54.143+0000] {base.py:271} INFO - POST http://elasticsearch:9200/milestone3_clean/_doc [status:201 request:2.553s]
[2025-02-08T13:15:56.738+0000] {base.py:271} INFO - POST http://elasticsearch:9200/milestone3_clean/_doc [status:201 request:1.359s]
[2025-02-08T13:15:58.133+0000] {base.py:299} WARNING - POST http://elasticsearch:9200/milestone3_clean/_doc [status:N/A request:0.549s]
Traceback (most recent call last):
  File "/home/airflow/.local/lib/python3.7/site-packages/urllib3/connectionpool.py", line 710, in urlopen
    chunked=chunked,
  File "/home/airflow/.local/lib/python3.7/site-packages/urllib3/connectionpool.py", line 449, in _make_request
    six.raise_from(e, None)
  File "<string>", line 3, in raise_from
  File "/home/airflow/.local/lib/python3.7/site-packages/urllib3/connectionpool.py", line 444, in _make_request
    httplib_response = conn.getresponse()
  File "/usr/local/lib/python3.7/http/client.py", line 1373, in getresponse
    response.begin()
  File "/usr/local/lib/python3.7/http/client.py", line 319, in begin
    version, status, reason = self._read_status()
  File "/usr/local/lib/python3.7/http/client.py", line 280, in _read_status
    line = str(self.fp.readline(_MAXLINE + 1), "iso-8859-1")
  File "/usr/local/lib/python3.7/socket.py", line 589, in readinto
    return self._sock.recv_into(b)
ConnectionResetError: [Errno 104] Connection reset by peer

During handling of the above exception, another exception occurred:

Traceback (most recent call last):
  File "/home/airflow/.local/lib/python3.7/site-packages/elasticsearch/connection/http_urllib3.py", line 252, in perform_request
    method, url, body, retries=Retry(False), headers=request_headers, **kw
  File "/home/airflow/.local/lib/python3.7/site-packages/urllib3/connectionpool.py", line 788, in urlopen
    method, url, error=e, _pool=self, _stacktrace=sys.exc_info()[2]
  File "/home/airflow/.local/lib/python3.7/site-packages/urllib3/util/retry.py", line 525, in increment
    raise six.reraise(type(error), error, _stacktrace)
  File "/home/airflow/.local/lib/python3.7/site-packages/urllib3/packages/six.py", line 769, in reraise
    raise value.with_traceback(tb)
  File "/home/airflow/.local/lib/python3.7/site-packages/urllib3/connectionpool.py", line 710, in urlopen
    chunked=chunked,
  File "/home/airflow/.local/lib/python3.7/site-packages/urllib3/connectionpool.py", line 449, in _make_request
    six.raise_from(e, None)
  File "<string>", line 3, in raise_from
  File "/home/airflow/.local/lib/python3.7/site-packages/urllib3/connectionpool.py", line 444, in _make_request
    httplib_response = conn.getresponse()
  File "/usr/local/lib/python3.7/http/client.py", line 1373, in getresponse
    response.begin()
  File "/usr/local/lib/python3.7/http/client.py", line 319, in begin
    version, status, reason = self._read_status()
  File "/usr/local/lib/python3.7/http/client.py", line 280, in _read_status
    line = str(self.fp.readline(_MAXLINE + 1), "iso-8859-1")
  File "/usr/local/lib/python3.7/socket.py", line 589, in readinto
    return self._sock.recv_into(b)
urllib3.exceptions.ProtocolError: ('Connection aborted.', ConnectionResetError(104, 'Connection reset by peer'))
[2025-02-08T13:15:58.229+0000] {base.py:299} WARNING - POST http://elasticsearch:9200/milestone3_clean/_doc [status:N/A request:0.022s]
Traceback (most recent call last):
  File "/home/airflow/.local/lib/python3.7/site-packages/urllib3/connection.py", line 175, in _new_conn
    (self._dns_host, self.port), self.timeout, **extra_kw
  File "/home/airflow/.local/lib/python3.7/site-packages/urllib3/util/connection.py", line 95, in create_connection
    raise err
  File "/home/airflow/.local/lib/python3.7/site-packages/urllib3/util/connection.py", line 85, in create_connection
    sock.connect(sa)
ConnectionRefusedError: [Errno 111] Connection refused

During handling of the above exception, another exception occurred:

Traceback (most recent call last):
  File "/home/airflow/.local/lib/python3.7/site-packages/elasticsearch/connection/http_urllib3.py", line 252, in perform_request
    method, url, body, retries=Retry(False), headers=request_headers, **kw
  File "/home/airflow/.local/lib/python3.7/site-packages/urllib3/connectionpool.py", line 788, in urlopen
    method, url, error=e, _pool=self, _stacktrace=sys.exc_info()[2]
  File "/home/airflow/.local/lib/python3.7/site-packages/urllib3/util/retry.py", line 525, in increment
    raise six.reraise(type(error), error, _stacktrace)
  File "/home/airflow/.local/lib/python3.7/site-packages/urllib3/packages/six.py", line 770, in reraise
    raise value
  File "/home/airflow/.local/lib/python3.7/site-packages/urllib3/connectionpool.py", line 710, in urlopen
    chunked=chunked,
  File "/home/airflow/.local/lib/python3.7/site-packages/urllib3/connectionpool.py", line 398, in _make_request
    conn.request(method, url, **httplib_request_kw)
  File "/home/airflow/.local/lib/python3.7/site-packages/urllib3/connection.py", line 239, in request
    super(HTTPConnection, self).request(method, url, body=body, headers=headers)
  File "/usr/local/lib/python3.7/http/client.py", line 1281, in request
    self._send_request(method, url, body, headers, encode_chunked)
  File "/usr/local/lib/python3.7/http/client.py", line 1327, in _send_request
    self.endheaders(body, encode_chunked=encode_chunked)
  File "/usr/local/lib/python3.7/http/client.py", line 1276, in endheaders
    self._send_output(message_body, encode_chunked=encode_chunked)
  File "/usr/local/lib/python3.7/http/client.py", line 1036, in _send_output
    self.send(msg)
  File "/usr/local/lib/python3.7/http/client.py", line 976, in send
    self.connect()
  File "/home/airflow/.local/lib/python3.7/site-packages/urllib3/connection.py", line 205, in connect
    conn = self._new_conn()
  File "/home/airflow/.local/lib/python3.7/site-packages/urllib3/connection.py", line 187, in _new_conn
    self, "Failed to establish a new connection: %s" % e
urllib3.exceptions.NewConnectionError: <urllib3.connection.HTTPConnection object at 0xffff7bddfd90>: Failed to establish a new connection: [Errno 111] Connection refused
[2025-02-08T13:15:58.246+0000] {base.py:299} WARNING - POST http://elasticsearch:9200/milestone3_clean/_doc [status:N/A request:0.001s]
Traceback (most recent call last):
  File "/home/airflow/.local/lib/python3.7/site-packages/urllib3/connection.py", line 175, in _new_conn
    (self._dns_host, self.port), self.timeout, **extra_kw
  File "/home/airflow/.local/lib/python3.7/site-packages/urllib3/util/connection.py", line 95, in create_connection
    raise err
  File "/home/airflow/.local/lib/python3.7/site-packages/urllib3/util/connection.py", line 85, in create_connection
    sock.connect(sa)
ConnectionRefusedError: [Errno 111] Connection refused

During handling of the above exception, another exception occurred:

Traceback (most recent call last):
  File "/home/airflow/.local/lib/python3.7/site-packages/elasticsearch/connection/http_urllib3.py", line 252, in perform_request
    method, url, body, retries=Retry(False), headers=request_headers, **kw
  File "/home/airflow/.local/lib/python3.7/site-packages/urllib3/connectionpool.py", line 788, in urlopen
    method, url, error=e, _pool=self, _stacktrace=sys.exc_info()[2]
  File "/home/airflow/.local/lib/python3.7/site-packages/urllib3/util/retry.py", line 525, in increment
    raise six.reraise(type(error), error, _stacktrace)
  File "/home/airflow/.local/lib/python3.7/site-packages/urllib3/packages/six.py", line 770, in reraise
    raise value
  File "/home/airflow/.local/lib/python3.7/site-packages/urllib3/connectionpool.py", line 710, in urlopen
    chunked=chunked,
  File "/home/airflow/.local/lib/python3.7/site-packages/urllib3/connectionpool.py", line 398, in _make_request
    conn.request(method, url, **httplib_request_kw)
  File "/home/airflow/.local/lib/python3.7/site-packages/urllib3/connection.py", line 239, in request
    super(HTTPConnection, self).request(method, url, body=body, headers=headers)
  File "/usr/local/lib/python3.7/http/client.py", line 1281, in request
    self._send_request(method, url, body, headers, encode_chunked)
  File "/usr/local/lib/python3.7/http/client.py", line 1327, in _send_request
    self.endheaders(body, encode_chunked=encode_chunked)
  File "/usr/local/lib/python3.7/http/client.py", line 1276, in endheaders
    self._send_output(message_body, encode_chunked=encode_chunked)
  File "/usr/local/lib/python3.7/http/client.py", line 1036, in _send_output
    self.send(msg)
  File "/usr/local/lib/python3.7/http/client.py", line 976, in send
    self.connect()
  File "/home/airflow/.local/lib/python3.7/site-packages/urllib3/connection.py", line 205, in connect
    conn = self._new_conn()
  File "/home/airflow/.local/lib/python3.7/site-packages/urllib3/connection.py", line 187, in _new_conn
    self, "Failed to establish a new connection: %s" % e
urllib3.exceptions.NewConnectionError: <urllib3.connection.HTTPConnection object at 0xffff7bca6a10>: Failed to establish a new connection: [Errno 111] Connection refused
[2025-02-08T13:15:58.252+0000] {base.py:299} WARNING - POST http://elasticsearch:9200/milestone3_clean/_doc [status:N/A request:0.002s]
Traceback (most recent call last):
  File "/home/airflow/.local/lib/python3.7/site-packages/urllib3/connection.py", line 175, in _new_conn
    (self._dns_host, self.port), self.timeout, **extra_kw
  File "/home/airflow/.local/lib/python3.7/site-packages/urllib3/util/connection.py", line 95, in create_connection
    raise err
  File "/home/airflow/.local/lib/python3.7/site-packages/urllib3/util/connection.py", line 85, in create_connection
    sock.connect(sa)
ConnectionRefusedError: [Errno 111] Connection refused

During handling of the above exception, another exception occurred:

Traceback (most recent call last):
  File "/home/airflow/.local/lib/python3.7/site-packages/elasticsearch/connection/http_urllib3.py", line 252, in perform_request
    method, url, body, retries=Retry(False), headers=request_headers, **kw
  File "/home/airflow/.local/lib/python3.7/site-packages/urllib3/connectionpool.py", line 788, in urlopen
    method, url, error=e, _pool=self, _stacktrace=sys.exc_info()[2]
  File "/home/airflow/.local/lib/python3.7/site-packages/urllib3/util/retry.py", line 525, in increment
    raise six.reraise(type(error), error, _stacktrace)
  File "/home/airflow/.local/lib/python3.7/site-packages/urllib3/packages/six.py", line 770, in reraise
    raise value
  File "/home/airflow/.local/lib/python3.7/site-packages/urllib3/connectionpool.py", line 710, in urlopen
    chunked=chunked,
  File "/home/airflow/.local/lib/python3.7/site-packages/urllib3/connectionpool.py", line 398, in _make_request
    conn.request(method, url, **httplib_request_kw)
  File "/home/airflow/.local/lib/python3.7/site-packages/urllib3/connection.py", line 239, in request
    super(HTTPConnection, self).request(method, url, body=body, headers=headers)
  File "/usr/local/lib/python3.7/http/client.py", line 1281, in request
    self._send_request(method, url, body, headers, encode_chunked)
  File "/usr/local/lib/python3.7/http/client.py", line 1327, in _send_request
    self.endheaders(body, encode_chunked=encode_chunked)
  File "/usr/local/lib/python3.7/http/client.py", line 1276, in endheaders
    self._send_output(message_body, encode_chunked=encode_chunked)
  File "/usr/local/lib/python3.7/http/client.py", line 1036, in _send_output
    self.send(msg)
  File "/usr/local/lib/python3.7/http/client.py", line 976, in send
    self.connect()
  File "/home/airflow/.local/lib/python3.7/site-packages/urllib3/connection.py", line 205, in connect
    conn = self._new_conn()
  File "/home/airflow/.local/lib/python3.7/site-packages/urllib3/connection.py", line 187, in _new_conn
    self, "Failed to establish a new connection: %s" % e
urllib3.exceptions.NewConnectionError: <urllib3.connection.HTTPConnection object at 0xffff7b35fe50>: Failed to establish a new connection: [Errno 111] Connection refused
[2025-02-08T13:15:58.259+0000] {taskinstance.py:1902} ERROR - Task failed with exception
Traceback (most recent call last):
  File "/home/airflow/.local/lib/python3.7/site-packages/urllib3/connection.py", line 175, in _new_conn
    (self._dns_host, self.port), self.timeout, **extra_kw
  File "/home/airflow/.local/lib/python3.7/site-packages/urllib3/util/connection.py", line 95, in create_connection
    raise err
  File "/home/airflow/.local/lib/python3.7/site-packages/urllib3/util/connection.py", line 85, in create_connection
    sock.connect(sa)
ConnectionRefusedError: [Errno 111] Connection refused

During handling of the above exception, another exception occurred:

Traceback (most recent call last):
  File "/home/airflow/.local/lib/python3.7/site-packages/elasticsearch/connection/http_urllib3.py", line 252, in perform_request
    method, url, body, retries=Retry(False), headers=request_headers, **kw
  File "/home/airflow/.local/lib/python3.7/site-packages/urllib3/connectionpool.py", line 788, in urlopen
    method, url, error=e, _pool=self, _stacktrace=sys.exc_info()[2]
  File "/home/airflow/.local/lib/python3.7/site-packages/urllib3/util/retry.py", line 525, in increment
    raise six.reraise(type(error), error, _stacktrace)
  File "/home/airflow/.local/lib/python3.7/site-packages/urllib3/packages/six.py", line 770, in reraise
    raise value
  File "/home/airflow/.local/lib/python3.7/site-packages/urllib3/connectionpool.py", line 710, in urlopen
    chunked=chunked,
  File "/home/airflow/.local/lib/python3.7/site-packages/urllib3/connectionpool.py", line 398, in _make_request
    conn.request(method, url, **httplib_request_kw)
  File "/home/airflow/.local/lib/python3.7/site-packages/urllib3/connection.py", line 239, in request
    super(HTTPConnection, self).request(method, url, body=body, headers=headers)
  File "/usr/local/lib/python3.7/http/client.py", line 1281, in request
    self._send_request(method, url, body, headers, encode_chunked)
  File "/usr/local/lib/python3.7/http/client.py", line 1327, in _send_request
    self.endheaders(body, encode_chunked=encode_chunked)
  File "/usr/local/lib/python3.7/http/client.py", line 1276, in endheaders
    self._send_output(message_body, encode_chunked=encode_chunked)
  File "/usr/local/lib/python3.7/http/client.py", line 1036, in _send_output
    self.send(msg)
  File "/usr/local/lib/python3.7/http/client.py", line 976, in send
    self.connect()
  File "/home/airflow/.local/lib/python3.7/site-packages/urllib3/connection.py", line 205, in connect
    conn = self._new_conn()
  File "/home/airflow/.local/lib/python3.7/site-packages/urllib3/connection.py", line 187, in _new_conn
    self, "Failed to establish a new connection: %s" % e
urllib3.exceptions.NewConnectionError: <urllib3.connection.HTTPConnection object at 0xffff7b35fe50>: Failed to establish a new connection: [Errno 111] Connection refused

During handling of the above exception, another exception occurred:

Traceback (most recent call last):
  File "/home/airflow/.local/lib/python3.7/site-packages/airflow/operators/python.py", line 171, in execute
    return_value = self.execute_callable()
  File "/home/airflow/.local/lib/python3.7/site-packages/airflow/operators/python.py", line 189, in execute_callable
    return self.python_callable(*self.op_args, **self.op_kwargs)
  File "/opt/airflow/dags/P2M3_RizkySP_DAG.py", line 69, in post_to_elasticsearch
    es.index(index=index_name, body=doc)  # Memasukkan data ke dalam indeks Elasticsearch
  File "/home/airflow/.local/lib/python3.7/site-packages/elasticsearch/client/utils.py", line 168, in _wrapped
    return func(*args, params=params, headers=headers, **kwargs)
  File "/home/airflow/.local/lib/python3.7/site-packages/elasticsearch/client/__init__.py", line 411, in index
    body=body,
  File "/home/airflow/.local/lib/python3.7/site-packages/elasticsearch/transport.py", line 413, in perform_request
    raise e
  File "/home/airflow/.local/lib/python3.7/site-packages/elasticsearch/transport.py", line 388, in perform_request
    timeout=timeout,
  File "/home/airflow/.local/lib/python3.7/site-packages/elasticsearch/connection/http_urllib3.py", line 266, in perform_request
    raise ConnectionError("N/A", str(e), e)
elasticsearch.exceptions.ConnectionError: ConnectionError(<urllib3.connection.HTTPConnection object at 0xffff7b35fe50>: Failed to establish a new connection: [Errno 111] Connection refused) caused by: NewConnectionError(<urllib3.connection.HTTPConnection object at 0xffff7b35fe50>: Failed to establish a new connection: [Errno 111] Connection refused)
[2025-02-08T13:15:58.335+0000] {taskinstance.py:1412} INFO - Marking task as FAILED. dag_id=pipeline_milestone_3, task_id=post_to_elasticsearch, execution_date=20250208T131514, start_date=20250208T131527, end_date=20250208T131558
[2025-02-08T13:15:58.369+0000] {standard_task_runner.py:97} ERROR - Failed to execute job 149 for task post_to_elasticsearch (ConnectionError(<urllib3.connection.HTTPConnection object at 0xffff7b35fe50>: Failed to establish a new connection: [Errno 111] Connection refused) caused by: NewConnectionError(<urllib3.connection.HTTPConnection object at 0xffff7b35fe50>: Failed to establish a new connection: [Errno 111] Connection refused); 289)
[2025-02-08T13:15:58.401+0000] {local_task_job.py:156} INFO - Task exited with return code 1
[2025-02-08T13:15:58.451+0000] {local_task_job.py:279} INFO - 0 downstream tasks scheduled from follow-on schedule check
