[2025-02-08T12:26:09.450+0000] {taskinstance.py:1171} INFO - Dependencies all met for <TaskInstance: pipeline_milestone_3.post_to_elasticsearch manual__2025-02-08T12:25:51.896616+00:00 [queued]>
[2025-02-08T12:26:09.469+0000] {taskinstance.py:1171} INFO - Dependencies all met for <TaskInstance: pipeline_milestone_3.post_to_elasticsearch manual__2025-02-08T12:25:51.896616+00:00 [queued]>
[2025-02-08T12:26:09.469+0000] {taskinstance.py:1368} INFO - 
--------------------------------------------------------------------------------
[2025-02-08T12:26:09.469+0000] {taskinstance.py:1369} INFO - Starting attempt 1 of 1
[2025-02-08T12:26:09.469+0000] {taskinstance.py:1370} INFO - 
--------------------------------------------------------------------------------
[2025-02-08T12:26:09.487+0000] {taskinstance.py:1389} INFO - Executing <Task(PythonOperator): post_to_elasticsearch> on 2025-02-08 12:25:51.896616+00:00
[2025-02-08T12:26:09.509+0000] {standard_task_runner.py:52} INFO - Started process 641 to run task
[2025-02-08T12:26:09.524+0000] {standard_task_runner.py:79} INFO - Running: ['***', 'tasks', 'run', 'pipeline_milestone_3', 'post_to_elasticsearch', 'manual__2025-02-08T12:25:51.896616+00:00', '--job-id', '77', '--raw', '--subdir', 'DAGS_FOLDER/P2M3_RizkySP_DAG.py', '--cfg-path', '/tmp/tmpkl5czbvq', '--error-file', '/tmp/tmpyi6wnb90']
[2025-02-08T12:26:09.525+0000] {standard_task_runner.py:80} INFO - Job 77: Subtask post_to_elasticsearch
[2025-02-08T12:26:09.837+0000] {task_command.py:371} INFO - Running <TaskInstance: pipeline_milestone_3.post_to_elasticsearch manual__2025-02-08T12:25:51.896616+00:00 [running]> on host b33620135048
[2025-02-08T12:26:10.130+0000] {taskinstance.py:1583} INFO - Exporting the following env vars:
AIRFLOW_CTX_DAG_OWNER=RizkySP
AIRFLOW_CTX_DAG_ID=pipeline_milestone_3
AIRFLOW_CTX_TASK_ID=post_to_elasticsearch
AIRFLOW_CTX_EXECUTION_DATE=2025-02-08T12:25:51.896616+00:00
AIRFLOW_CTX_TRY_NUMBER=1
AIRFLOW_CTX_DAG_RUN_ID=manual__2025-02-08T12:25:51.896616+00:00
[2025-02-08T12:26:10.155+0000] {base.py:299} WARNING - HEAD http://elasticsearch:9200/ [status:N/A request:0.016s]
Traceback (most recent call last):
  File "/home/airflow/.local/lib/python3.7/site-packages/urllib3/connection.py", line 175, in _new_conn
    (self._dns_host, self.port), self.timeout, **extra_kw
  File "/home/airflow/.local/lib/python3.7/site-packages/urllib3/util/connection.py", line 95, in create_connection
    raise err
  File "/home/airflow/.local/lib/python3.7/site-packages/urllib3/util/connection.py", line 85, in create_connection
    sock.connect(sa)
ConnectionRefusedError: [Errno 111] Connection refused

During handling of the above exception, another exception occurred:

Traceback (most recent call last):
  File "/home/airflow/.local/lib/python3.7/site-packages/elasticsearch/connection/http_urllib3.py", line 252, in perform_request
    method, url, body, retries=Retry(False), headers=request_headers, **kw
  File "/home/airflow/.local/lib/python3.7/site-packages/urllib3/connectionpool.py", line 788, in urlopen
    method, url, error=e, _pool=self, _stacktrace=sys.exc_info()[2]
  File "/home/airflow/.local/lib/python3.7/site-packages/urllib3/util/retry.py", line 525, in increment
    raise six.reraise(type(error), error, _stacktrace)
  File "/home/airflow/.local/lib/python3.7/site-packages/urllib3/packages/six.py", line 770, in reraise
    raise value
  File "/home/airflow/.local/lib/python3.7/site-packages/urllib3/connectionpool.py", line 710, in urlopen
    chunked=chunked,
  File "/home/airflow/.local/lib/python3.7/site-packages/urllib3/connectionpool.py", line 398, in _make_request
    conn.request(method, url, **httplib_request_kw)
  File "/home/airflow/.local/lib/python3.7/site-packages/urllib3/connection.py", line 239, in request
    super(HTTPConnection, self).request(method, url, body=body, headers=headers)
  File "/usr/local/lib/python3.7/http/client.py", line 1281, in request
    self._send_request(method, url, body, headers, encode_chunked)
  File "/usr/local/lib/python3.7/http/client.py", line 1327, in _send_request
    self.endheaders(body, encode_chunked=encode_chunked)
  File "/usr/local/lib/python3.7/http/client.py", line 1276, in endheaders
    self._send_output(message_body, encode_chunked=encode_chunked)
  File "/usr/local/lib/python3.7/http/client.py", line 1036, in _send_output
    self.send(msg)
  File "/usr/local/lib/python3.7/http/client.py", line 976, in send
    self.connect()
  File "/home/airflow/.local/lib/python3.7/site-packages/urllib3/connection.py", line 205, in connect
    conn = self._new_conn()
  File "/home/airflow/.local/lib/python3.7/site-packages/urllib3/connection.py", line 187, in _new_conn
    self, "Failed to establish a new connection: %s" % e
urllib3.exceptions.NewConnectionError: <urllib3.connection.HTTPConnection object at 0xffff78efc6d0>: Failed to establish a new connection: [Errno 111] Connection refused
[2025-02-08T12:26:10.175+0000] {base.py:299} WARNING - HEAD http://elasticsearch:9200/ [status:N/A request:0.001s]
Traceback (most recent call last):
  File "/home/airflow/.local/lib/python3.7/site-packages/urllib3/connection.py", line 175, in _new_conn
    (self._dns_host, self.port), self.timeout, **extra_kw
  File "/home/airflow/.local/lib/python3.7/site-packages/urllib3/util/connection.py", line 95, in create_connection
    raise err
  File "/home/airflow/.local/lib/python3.7/site-packages/urllib3/util/connection.py", line 85, in create_connection
    sock.connect(sa)
ConnectionRefusedError: [Errno 111] Connection refused

During handling of the above exception, another exception occurred:

Traceback (most recent call last):
  File "/home/airflow/.local/lib/python3.7/site-packages/elasticsearch/connection/http_urllib3.py", line 252, in perform_request
    method, url, body, retries=Retry(False), headers=request_headers, **kw
  File "/home/airflow/.local/lib/python3.7/site-packages/urllib3/connectionpool.py", line 788, in urlopen
    method, url, error=e, _pool=self, _stacktrace=sys.exc_info()[2]
  File "/home/airflow/.local/lib/python3.7/site-packages/urllib3/util/retry.py", line 525, in increment
    raise six.reraise(type(error), error, _stacktrace)
  File "/home/airflow/.local/lib/python3.7/site-packages/urllib3/packages/six.py", line 770, in reraise
    raise value
  File "/home/airflow/.local/lib/python3.7/site-packages/urllib3/connectionpool.py", line 710, in urlopen
    chunked=chunked,
  File "/home/airflow/.local/lib/python3.7/site-packages/urllib3/connectionpool.py", line 398, in _make_request
    conn.request(method, url, **httplib_request_kw)
  File "/home/airflow/.local/lib/python3.7/site-packages/urllib3/connection.py", line 239, in request
    super(HTTPConnection, self).request(method, url, body=body, headers=headers)
  File "/usr/local/lib/python3.7/http/client.py", line 1281, in request
    self._send_request(method, url, body, headers, encode_chunked)
  File "/usr/local/lib/python3.7/http/client.py", line 1327, in _send_request
    self.endheaders(body, encode_chunked=encode_chunked)
  File "/usr/local/lib/python3.7/http/client.py", line 1276, in endheaders
    self._send_output(message_body, encode_chunked=encode_chunked)
  File "/usr/local/lib/python3.7/http/client.py", line 1036, in _send_output
    self.send(msg)
  File "/usr/local/lib/python3.7/http/client.py", line 976, in send
    self.connect()
  File "/home/airflow/.local/lib/python3.7/site-packages/urllib3/connection.py", line 205, in connect
    conn = self._new_conn()
  File "/home/airflow/.local/lib/python3.7/site-packages/urllib3/connection.py", line 187, in _new_conn
    self, "Failed to establish a new connection: %s" % e
urllib3.exceptions.NewConnectionError: <urllib3.connection.HTTPConnection object at 0xffff78eda410>: Failed to establish a new connection: [Errno 111] Connection refused
[2025-02-08T12:26:10.179+0000] {base.py:299} WARNING - HEAD http://elasticsearch:9200/ [status:N/A request:0.003s]
Traceback (most recent call last):
  File "/home/airflow/.local/lib/python3.7/site-packages/urllib3/connection.py", line 175, in _new_conn
    (self._dns_host, self.port), self.timeout, **extra_kw
  File "/home/airflow/.local/lib/python3.7/site-packages/urllib3/util/connection.py", line 95, in create_connection
    raise err
  File "/home/airflow/.local/lib/python3.7/site-packages/urllib3/util/connection.py", line 85, in create_connection
    sock.connect(sa)
ConnectionRefusedError: [Errno 111] Connection refused

During handling of the above exception, another exception occurred:

Traceback (most recent call last):
  File "/home/airflow/.local/lib/python3.7/site-packages/elasticsearch/connection/http_urllib3.py", line 252, in perform_request
    method, url, body, retries=Retry(False), headers=request_headers, **kw
  File "/home/airflow/.local/lib/python3.7/site-packages/urllib3/connectionpool.py", line 788, in urlopen
    method, url, error=e, _pool=self, _stacktrace=sys.exc_info()[2]
  File "/home/airflow/.local/lib/python3.7/site-packages/urllib3/util/retry.py", line 525, in increment
    raise six.reraise(type(error), error, _stacktrace)
  File "/home/airflow/.local/lib/python3.7/site-packages/urllib3/packages/six.py", line 770, in reraise
    raise value
  File "/home/airflow/.local/lib/python3.7/site-packages/urllib3/connectionpool.py", line 710, in urlopen
    chunked=chunked,
  File "/home/airflow/.local/lib/python3.7/site-packages/urllib3/connectionpool.py", line 398, in _make_request
    conn.request(method, url, **httplib_request_kw)
  File "/home/airflow/.local/lib/python3.7/site-packages/urllib3/connection.py", line 239, in request
    super(HTTPConnection, self).request(method, url, body=body, headers=headers)
  File "/usr/local/lib/python3.7/http/client.py", line 1281, in request
    self._send_request(method, url, body, headers, encode_chunked)
  File "/usr/local/lib/python3.7/http/client.py", line 1327, in _send_request
    self.endheaders(body, encode_chunked=encode_chunked)
  File "/usr/local/lib/python3.7/http/client.py", line 1276, in endheaders
    self._send_output(message_body, encode_chunked=encode_chunked)
  File "/usr/local/lib/python3.7/http/client.py", line 1036, in _send_output
    self.send(msg)
  File "/usr/local/lib/python3.7/http/client.py", line 976, in send
    self.connect()
  File "/home/airflow/.local/lib/python3.7/site-packages/urllib3/connection.py", line 205, in connect
    conn = self._new_conn()
  File "/home/airflow/.local/lib/python3.7/site-packages/urllib3/connection.py", line 187, in _new_conn
    self, "Failed to establish a new connection: %s" % e
urllib3.exceptions.NewConnectionError: <urllib3.connection.HTTPConnection object at 0xffff78efca90>: Failed to establish a new connection: [Errno 111] Connection refused
[2025-02-08T12:26:10.181+0000] {base.py:299} WARNING - HEAD http://elasticsearch:9200/ [status:N/A request:0.001s]
Traceback (most recent call last):
  File "/home/airflow/.local/lib/python3.7/site-packages/urllib3/connection.py", line 175, in _new_conn
    (self._dns_host, self.port), self.timeout, **extra_kw
  File "/home/airflow/.local/lib/python3.7/site-packages/urllib3/util/connection.py", line 95, in create_connection
    raise err
  File "/home/airflow/.local/lib/python3.7/site-packages/urllib3/util/connection.py", line 85, in create_connection
    sock.connect(sa)
ConnectionRefusedError: [Errno 111] Connection refused

During handling of the above exception, another exception occurred:

Traceback (most recent call last):
  File "/home/airflow/.local/lib/python3.7/site-packages/elasticsearch/connection/http_urllib3.py", line 252, in perform_request
    method, url, body, retries=Retry(False), headers=request_headers, **kw
  File "/home/airflow/.local/lib/python3.7/site-packages/urllib3/connectionpool.py", line 788, in urlopen
    method, url, error=e, _pool=self, _stacktrace=sys.exc_info()[2]
  File "/home/airflow/.local/lib/python3.7/site-packages/urllib3/util/retry.py", line 525, in increment
    raise six.reraise(type(error), error, _stacktrace)
  File "/home/airflow/.local/lib/python3.7/site-packages/urllib3/packages/six.py", line 770, in reraise
    raise value
  File "/home/airflow/.local/lib/python3.7/site-packages/urllib3/connectionpool.py", line 710, in urlopen
    chunked=chunked,
  File "/home/airflow/.local/lib/python3.7/site-packages/urllib3/connectionpool.py", line 398, in _make_request
    conn.request(method, url, **httplib_request_kw)
  File "/home/airflow/.local/lib/python3.7/site-packages/urllib3/connection.py", line 239, in request
    super(HTTPConnection, self).request(method, url, body=body, headers=headers)
  File "/usr/local/lib/python3.7/http/client.py", line 1281, in request
    self._send_request(method, url, body, headers, encode_chunked)
  File "/usr/local/lib/python3.7/http/client.py", line 1327, in _send_request
    self.endheaders(body, encode_chunked=encode_chunked)
  File "/usr/local/lib/python3.7/http/client.py", line 1276, in endheaders
    self._send_output(message_body, encode_chunked=encode_chunked)
  File "/usr/local/lib/python3.7/http/client.py", line 1036, in _send_output
    self.send(msg)
  File "/usr/local/lib/python3.7/http/client.py", line 976, in send
    self.connect()
  File "/home/airflow/.local/lib/python3.7/site-packages/urllib3/connection.py", line 205, in connect
    conn = self._new_conn()
  File "/home/airflow/.local/lib/python3.7/site-packages/urllib3/connection.py", line 187, in _new_conn
    self, "Failed to establish a new connection: %s" % e
urllib3.exceptions.NewConnectionError: <urllib3.connection.HTTPConnection object at 0xffff78eecd10>: Failed to establish a new connection: [Errno 111] Connection refused
[2025-02-08T12:26:10.182+0000] {logging_mixin.py:115} INFO - ⚠️ Attempt 1 failed, retrying in 10 seconds...
[2025-02-08T12:26:20.244+0000] {base.py:271} INFO - HEAD http://elasticsearch:9200/ [status:200 request:0.053s]
[2025-02-08T12:26:20.250+0000] {logging_mixin.py:115} INFO - ✅ Connected to Elasticsearch
[2025-02-08T12:26:20.696+0000] {base.py:271} INFO - HEAD http://elasticsearch:9200/retail_store_inventory [status:200 request:0.084s]
[2025-02-08T12:26:22.978+0000] {base.py:271} INFO - PUT http://elasticsearch:9200/retail_store_inventory/_doc/0 [status:201 request:2.222s]
[2025-02-08T12:26:23.009+0000] {base.py:271} INFO - PUT http://elasticsearch:9200/retail_store_inventory/_doc/1 [status:201 request:0.019s]
[2025-02-08T12:26:23.055+0000] {base.py:271} INFO - PUT http://elasticsearch:9200/retail_store_inventory/_doc/2 [status:201 request:0.034s]
[2025-02-08T12:26:23.099+0000] {base.py:271} INFO - PUT http://elasticsearch:9200/retail_store_inventory/_doc/3 [status:201 request:0.027s]
[2025-02-08T12:26:23.123+0000] {base.py:271} INFO - PUT http://elasticsearch:9200/retail_store_inventory/_doc/4 [status:201 request:0.019s]
[2025-02-08T12:26:23.154+0000] {base.py:271} INFO - PUT http://elasticsearch:9200/retail_store_inventory/_doc/5 [status:201 request:0.027s]
[2025-02-08T12:26:23.179+0000] {base.py:271} INFO - PUT http://elasticsearch:9200/retail_store_inventory/_doc/6 [status:201 request:0.021s]
[2025-02-08T12:26:23.227+0000] {base.py:271} INFO - PUT http://elasticsearch:9200/retail_store_inventory/_doc/7 [status:201 request:0.043s]
[2025-02-08T12:26:23.249+0000] {base.py:271} INFO - PUT http://elasticsearch:9200/retail_store_inventory/_doc/8 [status:201 request:0.016s]
[2025-02-08T12:26:23.315+0000] {base.py:271} INFO - PUT http://elasticsearch:9200/retail_store_inventory/_doc/9 [status:201 request:0.062s]
[2025-02-08T12:26:23.341+0000] {base.py:271} INFO - PUT http://elasticsearch:9200/retail_store_inventory/_doc/10 [status:201 request:0.020s]
[2025-02-08T12:26:23.363+0000] {base.py:271} INFO - PUT http://elasticsearch:9200/retail_store_inventory/_doc/11 [status:201 request:0.020s]
[2025-02-08T12:26:23.413+0000] {base.py:271} INFO - PUT http://elasticsearch:9200/retail_store_inventory/_doc/12 [status:201 request:0.042s]
[2025-02-08T12:26:23.451+0000] {base.py:271} INFO - PUT http://elasticsearch:9200/retail_store_inventory/_doc/13 [status:201 request:0.035s]
[2025-02-08T12:26:23.522+0000] {base.py:271} INFO - PUT http://elasticsearch:9200/retail_store_inventory/_doc/14 [status:201 request:0.021s]
[2025-02-08T12:26:23.776+0000] {base.py:271} INFO - PUT http://elasticsearch:9200/retail_store_inventory/_doc/15 [status:201 request:0.250s]
[2025-02-08T12:26:23.807+0000] {base.py:271} INFO - PUT http://elasticsearch:9200/retail_store_inventory/_doc/16 [status:201 request:0.014s]
[2025-02-08T12:26:23.870+0000] {base.py:271} INFO - PUT http://elasticsearch:9200/retail_store_inventory/_doc/17 [status:201 request:0.055s]
[2025-02-08T12:26:23.948+0000] {base.py:271} INFO - PUT http://elasticsearch:9200/retail_store_inventory/_doc/18 [status:201 request:0.047s]
[2025-02-08T12:26:24.004+0000] {base.py:271} INFO - PUT http://elasticsearch:9200/retail_store_inventory/_doc/19 [status:201 request:0.036s]
[2025-02-08T12:26:24.020+0000] {base.py:271} INFO - PUT http://elasticsearch:9200/retail_store_inventory/_doc/20 [status:201 request:0.012s]
[2025-02-08T12:26:24.044+0000] {base.py:271} INFO - PUT http://elasticsearch:9200/retail_store_inventory/_doc/21 [status:201 request:0.021s]
[2025-02-08T12:26:24.064+0000] {base.py:271} INFO - PUT http://elasticsearch:9200/retail_store_inventory/_doc/22 [status:201 request:0.016s]
[2025-02-08T12:26:24.094+0000] {base.py:271} INFO - PUT http://elasticsearch:9200/retail_store_inventory/_doc/23 [status:201 request:0.027s]
[2025-02-08T12:26:24.150+0000] {base.py:271} INFO - PUT http://elasticsearch:9200/retail_store_inventory/_doc/24 [status:201 request:0.046s]
[2025-02-08T12:26:24.214+0000] {base.py:271} INFO - PUT http://elasticsearch:9200/retail_store_inventory/_doc/25 [status:201 request:0.048s]
[2025-02-08T12:26:24.357+0000] {base.py:271} INFO - PUT http://elasticsearch:9200/retail_store_inventory/_doc/26 [status:201 request:0.043s]
[2025-02-08T12:26:24.381+0000] {base.py:271} INFO - PUT http://elasticsearch:9200/retail_store_inventory/_doc/27 [status:201 request:0.017s]
[2025-02-08T12:26:24.408+0000] {base.py:271} INFO - PUT http://elasticsearch:9200/retail_store_inventory/_doc/28 [status:201 request:0.021s]
[2025-02-08T12:26:24.429+0000] {base.py:271} INFO - PUT http://elasticsearch:9200/retail_store_inventory/_doc/29 [status:201 request:0.013s]
[2025-02-08T12:26:24.524+0000] {base.py:271} INFO - PUT http://elasticsearch:9200/retail_store_inventory/_doc/30 [status:201 request:0.090s]
[2025-02-08T12:26:24.594+0000] {base.py:271} INFO - PUT http://elasticsearch:9200/retail_store_inventory/_doc/31 [status:201 request:0.062s]
[2025-02-08T12:26:24.666+0000] {base.py:271} INFO - PUT http://elasticsearch:9200/retail_store_inventory/_doc/32 [status:201 request:0.056s]
[2025-02-08T12:26:24.695+0000] {base.py:271} INFO - PUT http://elasticsearch:9200/retail_store_inventory/_doc/33 [status:201 request:0.013s]
[2025-02-08T12:26:24.708+0000] {base.py:271} INFO - PUT http://elasticsearch:9200/retail_store_inventory/_doc/34 [status:201 request:0.010s]
[2025-02-08T12:26:24.714+0000] {base.py:271} INFO - PUT http://elasticsearch:9200/retail_store_inventory/_doc/35 [status:201 request:0.006s]
[2025-02-08T12:26:24.719+0000] {base.py:271} INFO - PUT http://elasticsearch:9200/retail_store_inventory/_doc/36 [status:201 request:0.004s]
[2025-02-08T12:26:24.728+0000] {base.py:271} INFO - PUT http://elasticsearch:9200/retail_store_inventory/_doc/37 [status:201 request:0.008s]
[2025-02-08T12:26:24.737+0000] {base.py:271} INFO - PUT http://elasticsearch:9200/retail_store_inventory/_doc/38 [status:201 request:0.008s]
[2025-02-08T12:26:24.750+0000] {base.py:271} INFO - PUT http://elasticsearch:9200/retail_store_inventory/_doc/39 [status:201 request:0.011s]
[2025-02-08T12:26:24.772+0000] {base.py:271} INFO - PUT http://elasticsearch:9200/retail_store_inventory/_doc/40 [status:201 request:0.010s]
[2025-02-08T12:26:24.785+0000] {base.py:271} INFO - PUT http://elasticsearch:9200/retail_store_inventory/_doc/41 [status:201 request:0.008s]
[2025-02-08T12:26:24.912+0000] {base.py:271} INFO - PUT http://elasticsearch:9200/retail_store_inventory/_doc/42 [status:201 request:0.114s]
[2025-02-08T12:26:24.955+0000] {base.py:271} INFO - PUT http://elasticsearch:9200/retail_store_inventory/_doc/43 [status:201 request:0.035s]
[2025-02-08T12:26:24.989+0000] {base.py:271} INFO - PUT http://elasticsearch:9200/retail_store_inventory/_doc/44 [status:201 request:0.023s]
[2025-02-08T12:26:25.039+0000] {base.py:271} INFO - PUT http://elasticsearch:9200/retail_store_inventory/_doc/45 [status:201 request:0.037s]
[2025-02-08T12:26:25.152+0000] {base.py:271} INFO - PUT http://elasticsearch:9200/retail_store_inventory/_doc/46 [status:201 request:0.069s]
[2025-02-08T12:26:25.205+0000] {base.py:271} INFO - PUT http://elasticsearch:9200/retail_store_inventory/_doc/47 [status:201 request:0.035s]
[2025-02-08T12:26:25.266+0000] {base.py:271} INFO - PUT http://elasticsearch:9200/retail_store_inventory/_doc/48 [status:201 request:0.044s]
[2025-02-08T12:26:25.286+0000] {base.py:271} INFO - PUT http://elasticsearch:9200/retail_store_inventory/_doc/49 [status:201 request:0.010s]
[2025-02-08T12:26:25.339+0000] {base.py:271} INFO - PUT http://elasticsearch:9200/retail_store_inventory/_doc/50 [status:201 request:0.050s]
[2025-02-08T12:26:25.383+0000] {base.py:271} INFO - PUT http://elasticsearch:9200/retail_store_inventory/_doc/51 [status:201 request:0.031s]
[2025-02-08T12:26:25.416+0000] {base.py:271} INFO - PUT http://elasticsearch:9200/retail_store_inventory/_doc/52 [status:201 request:0.022s]
[2025-02-08T12:26:25.457+0000] {base.py:271} INFO - PUT http://elasticsearch:9200/retail_store_inventory/_doc/53 [status:201 request:0.026s]
[2025-02-08T12:26:25.507+0000] {base.py:271} INFO - PUT http://elasticsearch:9200/retail_store_inventory/_doc/54 [status:201 request:0.032s]
[2025-02-08T12:26:25.548+0000] {base.py:271} INFO - PUT http://elasticsearch:9200/retail_store_inventory/_doc/55 [status:201 request:0.023s]
[2025-02-08T12:26:25.593+0000] {base.py:271} INFO - PUT http://elasticsearch:9200/retail_store_inventory/_doc/56 [status:201 request:0.029s]
[2025-02-08T12:26:25.614+0000] {base.py:271} INFO - PUT http://elasticsearch:9200/retail_store_inventory/_doc/57 [status:201 request:0.014s]
[2025-02-08T12:26:25.661+0000] {base.py:271} INFO - PUT http://elasticsearch:9200/retail_store_inventory/_doc/58 [status:201 request:0.041s]
[2025-02-08T12:26:25.704+0000] {base.py:271} INFO - PUT http://elasticsearch:9200/retail_store_inventory/_doc/59 [status:201 request:0.024s]
[2025-02-08T12:26:25.726+0000] {base.py:271} INFO - PUT http://elasticsearch:9200/retail_store_inventory/_doc/60 [status:201 request:0.015s]
[2025-02-08T12:26:25.748+0000] {base.py:271} INFO - PUT http://elasticsearch:9200/retail_store_inventory/_doc/61 [status:201 request:0.011s]
[2025-02-08T12:26:25.804+0000] {base.py:271} INFO - PUT http://elasticsearch:9200/retail_store_inventory/_doc/62 [status:201 request:0.050s]
[2025-02-08T12:26:25.820+0000] {base.py:271} INFO - PUT http://elasticsearch:9200/retail_store_inventory/_doc/63 [status:201 request:0.012s]
[2025-02-08T12:26:25.847+0000] {base.py:271} INFO - PUT http://elasticsearch:9200/retail_store_inventory/_doc/64 [status:201 request:0.023s]
[2025-02-08T12:26:25.875+0000] {base.py:271} INFO - PUT http://elasticsearch:9200/retail_store_inventory/_doc/65 [status:201 request:0.022s]
[2025-02-08T12:26:25.903+0000] {base.py:271} INFO - PUT http://elasticsearch:9200/retail_store_inventory/_doc/66 [status:201 request:0.022s]
[2025-02-08T12:26:25.926+0000] {base.py:271} INFO - PUT http://elasticsearch:9200/retail_store_inventory/_doc/67 [status:201 request:0.018s]
[2025-02-08T12:26:25.951+0000] {base.py:271} INFO - PUT http://elasticsearch:9200/retail_store_inventory/_doc/68 [status:201 request:0.017s]
[2025-02-08T12:26:25.973+0000] {base.py:271} INFO - PUT http://elasticsearch:9200/retail_store_inventory/_doc/69 [status:201 request:0.018s]
[2025-02-08T12:26:25.994+0000] {base.py:271} INFO - PUT http://elasticsearch:9200/retail_store_inventory/_doc/70 [status:201 request:0.015s]
[2025-02-08T12:26:26.015+0000] {base.py:271} INFO - PUT http://elasticsearch:9200/retail_store_inventory/_doc/71 [status:201 request:0.018s]
[2025-02-08T12:26:26.032+0000] {base.py:271} INFO - PUT http://elasticsearch:9200/retail_store_inventory/_doc/72 [status:201 request:0.011s]
[2025-02-08T12:26:26.068+0000] {base.py:271} INFO - PUT http://elasticsearch:9200/retail_store_inventory/_doc/73 [status:201 request:0.033s]
[2025-02-08T12:26:26.120+0000] {base.py:271} INFO - PUT http://elasticsearch:9200/retail_store_inventory/_doc/74 [status:201 request:0.016s]
[2025-02-08T12:26:26.140+0000] {base.py:271} INFO - PUT http://elasticsearch:9200/retail_store_inventory/_doc/75 [status:201 request:0.009s]
[2025-02-08T12:26:26.166+0000] {base.py:271} INFO - PUT http://elasticsearch:9200/retail_store_inventory/_doc/76 [status:201 request:0.019s]
[2025-02-08T12:26:26.193+0000] {base.py:271} INFO - PUT http://elasticsearch:9200/retail_store_inventory/_doc/77 [status:201 request:0.019s]
[2025-02-08T12:26:26.231+0000] {base.py:271} INFO - PUT http://elasticsearch:9200/retail_store_inventory/_doc/78 [status:201 request:0.015s]
[2025-02-08T12:26:26.257+0000] {base.py:271} INFO - PUT http://elasticsearch:9200/retail_store_inventory/_doc/79 [status:201 request:0.013s]
[2025-02-08T12:26:26.292+0000] {base.py:271} INFO - PUT http://elasticsearch:9200/retail_store_inventory/_doc/80 [status:201 request:0.029s]
[2025-02-08T12:26:26.322+0000] {base.py:271} INFO - PUT http://elasticsearch:9200/retail_store_inventory/_doc/81 [status:201 request:0.024s]
[2025-02-08T12:26:26.370+0000] {base.py:271} INFO - PUT http://elasticsearch:9200/retail_store_inventory/_doc/82 [status:201 request:0.043s]
[2025-02-08T12:26:26.390+0000] {base.py:271} INFO - PUT http://elasticsearch:9200/retail_store_inventory/_doc/83 [status:201 request:0.013s]
[2025-02-08T12:26:26.414+0000] {base.py:271} INFO - PUT http://elasticsearch:9200/retail_store_inventory/_doc/84 [status:201 request:0.018s]
[2025-02-08T12:26:26.450+0000] {base.py:271} INFO - PUT http://elasticsearch:9200/retail_store_inventory/_doc/85 [status:201 request:0.032s]
[2025-02-08T12:26:26.477+0000] {base.py:271} INFO - PUT http://elasticsearch:9200/retail_store_inventory/_doc/86 [status:201 request:0.021s]
[2025-02-08T12:26:26.507+0000] {base.py:271} INFO - PUT http://elasticsearch:9200/retail_store_inventory/_doc/87 [status:201 request:0.027s]
[2025-02-08T12:26:26.548+0000] {base.py:271} INFO - PUT http://elasticsearch:9200/retail_store_inventory/_doc/88 [status:201 request:0.018s]
[2025-02-08T12:26:26.579+0000] {base.py:271} INFO - PUT http://elasticsearch:9200/retail_store_inventory/_doc/89 [status:201 request:0.024s]
[2025-02-08T12:26:26.608+0000] {base.py:271} INFO - PUT http://elasticsearch:9200/retail_store_inventory/_doc/90 [status:201 request:0.024s]
[2025-02-08T12:26:26.639+0000] {base.py:271} INFO - PUT http://elasticsearch:9200/retail_store_inventory/_doc/91 [status:201 request:0.024s]
[2025-02-08T12:26:26.679+0000] {base.py:271} INFO - PUT http://elasticsearch:9200/retail_store_inventory/_doc/92 [status:201 request:0.033s]
[2025-02-08T12:26:26.762+0000] {base.py:271} INFO - PUT http://elasticsearch:9200/retail_store_inventory/_doc/93 [status:201 request:0.075s]
[2025-02-08T12:26:26.833+0000] {base.py:271} INFO - PUT http://elasticsearch:9200/retail_store_inventory/_doc/94 [status:201 request:0.053s]
[2025-02-08T12:26:26.868+0000] {base.py:271} INFO - PUT http://elasticsearch:9200/retail_store_inventory/_doc/95 [status:201 request:0.029s]
[2025-02-08T12:26:26.918+0000] {base.py:271} INFO - PUT http://elasticsearch:9200/retail_store_inventory/_doc/96 [status:201 request:0.042s]
[2025-02-08T12:26:26.937+0000] {base.py:271} INFO - PUT http://elasticsearch:9200/retail_store_inventory/_doc/97 [status:201 request:0.013s]
[2025-02-08T12:26:26.945+0000] {base.py:271} INFO - PUT http://elasticsearch:9200/retail_store_inventory/_doc/98 [status:201 request:0.007s]
[2025-02-08T12:26:26.951+0000] {base.py:271} INFO - PUT http://elasticsearch:9200/retail_store_inventory/_doc/99 [status:201 request:0.005s]
[2025-02-08T12:26:26.959+0000] {base.py:271} INFO - PUT http://elasticsearch:9200/retail_store_inventory/_doc/100 [status:201 request:0.005s]
[2025-02-08T12:26:27.001+0000] {base.py:271} INFO - PUT http://elasticsearch:9200/retail_store_inventory/_doc/101 [status:201 request:0.035s]
[2025-02-08T12:26:27.041+0000] {base.py:271} INFO - PUT http://elasticsearch:9200/retail_store_inventory/_doc/102 [status:201 request:0.026s]
[2025-02-08T12:26:27.066+0000] {base.py:271} INFO - PUT http://elasticsearch:9200/retail_store_inventory/_doc/103 [status:201 request:0.016s]
[2025-02-08T12:26:27.087+0000] {base.py:271} INFO - PUT http://elasticsearch:9200/retail_store_inventory/_doc/104 [status:201 request:0.016s]
[2025-02-08T12:26:27.105+0000] {base.py:271} INFO - PUT http://elasticsearch:9200/retail_store_inventory/_doc/105 [status:201 request:0.012s]
[2025-02-08T12:26:27.143+0000] {base.py:271} INFO - PUT http://elasticsearch:9200/retail_store_inventory/_doc/106 [status:201 request:0.031s]
[2025-02-08T12:26:27.174+0000] {base.py:271} INFO - PUT http://elasticsearch:9200/retail_store_inventory/_doc/107 [status:201 request:0.023s]
[2025-02-08T12:26:27.203+0000] {base.py:271} INFO - PUT http://elasticsearch:9200/retail_store_inventory/_doc/108 [status:201 request:0.021s]
[2025-02-08T12:26:27.236+0000] {base.py:271} INFO - PUT http://elasticsearch:9200/retail_store_inventory/_doc/109 [status:201 request:0.020s]
[2025-02-08T12:26:27.254+0000] {base.py:271} INFO - PUT http://elasticsearch:9200/retail_store_inventory/_doc/110 [status:201 request:0.011s]
[2025-02-08T12:26:27.270+0000] {base.py:271} INFO - PUT http://elasticsearch:9200/retail_store_inventory/_doc/111 [status:201 request:0.010s]
[2025-02-08T12:26:27.290+0000] {base.py:271} INFO - PUT http://elasticsearch:9200/retail_store_inventory/_doc/112 [status:201 request:0.015s]
[2025-02-08T12:26:27.331+0000] {base.py:271} INFO - PUT http://elasticsearch:9200/retail_store_inventory/_doc/113 [status:201 request:0.036s]
[2025-02-08T12:26:27.431+0000] {base.py:271} INFO - PUT http://elasticsearch:9200/retail_store_inventory/_doc/114 [status:201 request:0.096s]
[2025-02-08T12:26:27.454+0000] {base.py:271} INFO - PUT http://elasticsearch:9200/retail_store_inventory/_doc/115 [status:201 request:0.015s]
[2025-02-08T12:26:27.477+0000] {base.py:271} INFO - PUT http://elasticsearch:9200/retail_store_inventory/_doc/116 [status:201 request:0.013s]
[2025-02-08T12:26:27.495+0000] {base.py:271} INFO - PUT http://elasticsearch:9200/retail_store_inventory/_doc/117 [status:201 request:0.013s]
[2025-02-08T12:26:27.536+0000] {base.py:271} INFO - PUT http://elasticsearch:9200/retail_store_inventory/_doc/118 [status:201 request:0.033s]
[2025-02-08T12:26:27.567+0000] {base.py:271} INFO - PUT http://elasticsearch:9200/retail_store_inventory/_doc/119 [status:201 request:0.023s]
[2025-02-08T12:26:27.579+0000] {base.py:271} INFO - PUT http://elasticsearch:9200/retail_store_inventory/_doc/120 [status:201 request:0.008s]
[2025-02-08T12:26:27.592+0000] {base.py:271} INFO - PUT http://elasticsearch:9200/retail_store_inventory/_doc/121 [status:201 request:0.009s]
[2025-02-08T12:26:27.599+0000] {base.py:271} INFO - PUT http://elasticsearch:9200/retail_store_inventory/_doc/122 [status:201 request:0.006s]
[2025-02-08T12:26:27.604+0000] {base.py:271} INFO - PUT http://elasticsearch:9200/retail_store_inventory/_doc/123 [status:201 request:0.005s]
[2025-02-08T12:26:27.612+0000] {base.py:271} INFO - PUT http://elasticsearch:9200/retail_store_inventory/_doc/124 [status:201 request:0.007s]
[2025-02-08T12:26:27.627+0000] {base.py:271} INFO - PUT http://elasticsearch:9200/retail_store_inventory/_doc/125 [status:201 request:0.011s]
[2025-02-08T12:26:27.636+0000] {base.py:271} INFO - PUT http://elasticsearch:9200/retail_store_inventory/_doc/126 [status:201 request:0.005s]
[2025-02-08T12:26:27.642+0000] {base.py:271} INFO - PUT http://elasticsearch:9200/retail_store_inventory/_doc/127 [status:201 request:0.003s]
[2025-02-08T12:26:27.646+0000] {base.py:271} INFO - PUT http://elasticsearch:9200/retail_store_inventory/_doc/128 [status:201 request:0.003s]
[2025-02-08T12:26:27.648+0000] {base.py:271} INFO - PUT http://elasticsearch:9200/retail_store_inventory/_doc/129 [status:201 request:0.002s]
[2025-02-08T12:26:27.653+0000] {base.py:271} INFO - PUT http://elasticsearch:9200/retail_store_inventory/_doc/130 [status:201 request:0.005s]
[2025-02-08T12:26:27.655+0000] {base.py:271} INFO - PUT http://elasticsearch:9200/retail_store_inventory/_doc/131 [status:201 request:0.001s]
[2025-02-08T12:26:27.657+0000] {base.py:271} INFO - PUT http://elasticsearch:9200/retail_store_inventory/_doc/132 [status:201 request:0.002s]
[2025-02-08T12:26:27.659+0000] {base.py:271} INFO - PUT http://elasticsearch:9200/retail_store_inventory/_doc/133 [status:201 request:0.001s]
[2025-02-08T12:26:27.661+0000] {base.py:271} INFO - PUT http://elasticsearch:9200/retail_store_inventory/_doc/134 [status:201 request:0.002s]
[2025-02-08T12:26:27.663+0000] {base.py:271} INFO - PUT http://elasticsearch:9200/retail_store_inventory/_doc/135 [status:201 request:0.002s]
[2025-02-08T12:26:27.665+0000] {base.py:271} INFO - PUT http://elasticsearch:9200/retail_store_inventory/_doc/136 [status:201 request:0.002s]
[2025-02-08T12:26:27.667+0000] {base.py:271} INFO - PUT http://elasticsearch:9200/retail_store_inventory/_doc/137 [status:201 request:0.002s]
[2025-02-08T12:26:27.668+0000] {base.py:271} INFO - PUT http://elasticsearch:9200/retail_store_inventory/_doc/138 [status:201 request:0.001s]
[2025-02-08T12:26:27.670+0000] {base.py:271} INFO - PUT http://elasticsearch:9200/retail_store_inventory/_doc/139 [status:201 request:0.001s]
[2025-02-08T12:26:27.672+0000] {base.py:271} INFO - PUT http://elasticsearch:9200/retail_store_inventory/_doc/140 [status:201 request:0.001s]
[2025-02-08T12:26:27.673+0000] {base.py:271} INFO - PUT http://elasticsearch:9200/retail_store_inventory/_doc/141 [status:201 request:0.002s]
[2025-02-08T12:26:27.675+0000] {base.py:271} INFO - PUT http://elasticsearch:9200/retail_store_inventory/_doc/142 [status:201 request:0.002s]
[2025-02-08T12:26:27.677+0000] {base.py:271} INFO - PUT http://elasticsearch:9200/retail_store_inventory/_doc/143 [status:201 request:0.002s]
[2025-02-08T12:26:27.679+0000] {base.py:271} INFO - PUT http://elasticsearch:9200/retail_store_inventory/_doc/144 [status:201 request:0.002s]
[2025-02-08T12:26:27.681+0000] {base.py:271} INFO - PUT http://elasticsearch:9200/retail_store_inventory/_doc/145 [status:201 request:0.002s]
[2025-02-08T12:26:27.683+0000] {base.py:271} INFO - PUT http://elasticsearch:9200/retail_store_inventory/_doc/146 [status:201 request:0.002s]
[2025-02-08T12:26:27.685+0000] {base.py:271} INFO - PUT http://elasticsearch:9200/retail_store_inventory/_doc/147 [status:201 request:0.002s]
[2025-02-08T12:26:27.686+0000] {base.py:271} INFO - PUT http://elasticsearch:9200/retail_store_inventory/_doc/148 [status:201 request:0.002s]
[2025-02-08T12:26:27.688+0000] {base.py:271} INFO - PUT http://elasticsearch:9200/retail_store_inventory/_doc/149 [status:201 request:0.001s]
[2025-02-08T12:26:27.690+0000] {base.py:271} INFO - PUT http://elasticsearch:9200/retail_store_inventory/_doc/150 [status:201 request:0.002s]
[2025-02-08T12:26:27.692+0000] {base.py:271} INFO - PUT http://elasticsearch:9200/retail_store_inventory/_doc/151 [status:201 request:0.002s]
[2025-02-08T12:26:27.694+0000] {base.py:271} INFO - PUT http://elasticsearch:9200/retail_store_inventory/_doc/152 [status:201 request:0.002s]
[2025-02-08T12:26:27.697+0000] {base.py:271} INFO - PUT http://elasticsearch:9200/retail_store_inventory/_doc/153 [status:201 request:0.002s]
[2025-02-08T12:26:27.699+0000] {base.py:271} INFO - PUT http://elasticsearch:9200/retail_store_inventory/_doc/154 [status:201 request:0.002s]
[2025-02-08T12:26:27.701+0000] {base.py:271} INFO - PUT http://elasticsearch:9200/retail_store_inventory/_doc/155 [status:201 request:0.002s]
[2025-02-08T12:26:27.703+0000] {base.py:271} INFO - PUT http://elasticsearch:9200/retail_store_inventory/_doc/156 [status:201 request:0.002s]
[2025-02-08T12:26:27.705+0000] {base.py:271} INFO - PUT http://elasticsearch:9200/retail_store_inventory/_doc/157 [status:201 request:0.002s]
[2025-02-08T12:26:27.707+0000] {base.py:271} INFO - PUT http://elasticsearch:9200/retail_store_inventory/_doc/158 [status:201 request:0.002s]
[2025-02-08T12:26:27.709+0000] {base.py:271} INFO - PUT http://elasticsearch:9200/retail_store_inventory/_doc/159 [status:201 request:0.002s]
[2025-02-08T12:26:27.711+0000] {base.py:271} INFO - PUT http://elasticsearch:9200/retail_store_inventory/_doc/160 [status:201 request:0.002s]
[2025-02-08T12:26:27.713+0000] {base.py:271} INFO - PUT http://elasticsearch:9200/retail_store_inventory/_doc/161 [status:201 request:0.002s]
[2025-02-08T12:26:27.715+0000] {base.py:271} INFO - PUT http://elasticsearch:9200/retail_store_inventory/_doc/162 [status:201 request:0.002s]
[2025-02-08T12:26:27.717+0000] {base.py:271} INFO - PUT http://elasticsearch:9200/retail_store_inventory/_doc/163 [status:201 request:0.002s]
[2025-02-08T12:26:27.719+0000] {base.py:271} INFO - PUT http://elasticsearch:9200/retail_store_inventory/_doc/164 [status:201 request:0.002s]
[2025-02-08T12:26:27.721+0000] {base.py:271} INFO - PUT http://elasticsearch:9200/retail_store_inventory/_doc/165 [status:201 request:0.001s]
[2025-02-08T12:26:27.722+0000] {base.py:271} INFO - PUT http://elasticsearch:9200/retail_store_inventory/_doc/166 [status:201 request:0.001s]
[2025-02-08T12:26:27.724+0000] {base.py:271} INFO - PUT http://elasticsearch:9200/retail_store_inventory/_doc/167 [status:201 request:0.002s]
[2025-02-08T12:26:27.727+0000] {base.py:271} INFO - PUT http://elasticsearch:9200/retail_store_inventory/_doc/168 [status:201 request:0.003s]
[2025-02-08T12:26:27.729+0000] {base.py:271} INFO - PUT http://elasticsearch:9200/retail_store_inventory/_doc/169 [status:201 request:0.002s]
[2025-02-08T12:26:27.731+0000] {base.py:271} INFO - PUT http://elasticsearch:9200/retail_store_inventory/_doc/170 [status:201 request:0.002s]
[2025-02-08T12:26:27.733+0000] {base.py:271} INFO - PUT http://elasticsearch:9200/retail_store_inventory/_doc/171 [status:201 request:0.002s]
[2025-02-08T12:26:27.736+0000] {base.py:271} INFO - PUT http://elasticsearch:9200/retail_store_inventory/_doc/172 [status:201 request:0.002s]
[2025-02-08T12:26:27.738+0000] {base.py:271} INFO - PUT http://elasticsearch:9200/retail_store_inventory/_doc/173 [status:201 request:0.002s]
[2025-02-08T12:26:27.739+0000] {base.py:271} INFO - PUT http://elasticsearch:9200/retail_store_inventory/_doc/174 [status:201 request:0.002s]
[2025-02-08T12:26:27.741+0000] {base.py:271} INFO - PUT http://elasticsearch:9200/retail_store_inventory/_doc/175 [status:201 request:0.002s]
[2025-02-08T12:26:27.745+0000] {base.py:271} INFO - PUT http://elasticsearch:9200/retail_store_inventory/_doc/176 [status:201 request:0.002s]
[2025-02-08T12:26:27.747+0000] {base.py:271} INFO - PUT http://elasticsearch:9200/retail_store_inventory/_doc/177 [status:201 request:0.002s]
[2025-02-08T12:26:27.749+0000] {base.py:271} INFO - PUT http://elasticsearch:9200/retail_store_inventory/_doc/178 [status:201 request:0.002s]
[2025-02-08T12:26:27.752+0000] {base.py:271} INFO - PUT http://elasticsearch:9200/retail_store_inventory/_doc/179 [status:201 request:0.002s]
[2025-02-08T12:26:27.778+0000] {base.py:271} INFO - PUT http://elasticsearch:9200/retail_store_inventory/_doc/180 [status:201 request:0.019s]
[2025-02-08T12:26:27.792+0000] {base.py:271} INFO - PUT http://elasticsearch:9200/retail_store_inventory/_doc/181 [status:201 request:0.010s]
[2025-02-08T12:26:27.797+0000] {base.py:271} INFO - PUT http://elasticsearch:9200/retail_store_inventory/_doc/182 [status:201 request:0.003s]
[2025-02-08T12:26:27.801+0000] {base.py:271} INFO - PUT http://elasticsearch:9200/retail_store_inventory/_doc/183 [status:201 request:0.003s]
[2025-02-08T12:26:27.876+0000] {base.py:271} INFO - PUT http://elasticsearch:9200/retail_store_inventory/_doc/184 [status:201 request:0.072s]
[2025-02-08T12:26:27.898+0000] {base.py:271} INFO - PUT http://elasticsearch:9200/retail_store_inventory/_doc/185 [status:201 request:0.016s]
[2025-02-08T12:26:27.921+0000] {base.py:271} INFO - PUT http://elasticsearch:9200/retail_store_inventory/_doc/186 [status:201 request:0.020s]
[2025-02-08T12:26:27.947+0000] {base.py:271} INFO - PUT http://elasticsearch:9200/retail_store_inventory/_doc/187 [status:201 request:0.021s]
[2025-02-08T12:26:27.980+0000] {base.py:271} INFO - PUT http://elasticsearch:9200/retail_store_inventory/_doc/188 [status:201 request:0.019s]
[2025-02-08T12:26:28.002+0000] {base.py:271} INFO - PUT http://elasticsearch:9200/retail_store_inventory/_doc/189 [status:201 request:0.017s]
[2025-02-08T12:26:28.014+0000] {base.py:271} INFO - PUT http://elasticsearch:9200/retail_store_inventory/_doc/190 [status:201 request:0.006s]
[2025-02-08T12:26:28.028+0000] {base.py:271} INFO - PUT http://elasticsearch:9200/retail_store_inventory/_doc/191 [status:201 request:0.010s]
[2025-02-08T12:26:28.044+0000] {base.py:271} INFO - PUT http://elasticsearch:9200/retail_store_inventory/_doc/192 [status:201 request:0.011s]
[2025-02-08T12:26:28.065+0000] {base.py:271} INFO - PUT http://elasticsearch:9200/retail_store_inventory/_doc/193 [status:201 request:0.016s]
[2025-02-08T12:26:28.135+0000] {base.py:271} INFO - PUT http://elasticsearch:9200/retail_store_inventory/_doc/194 [status:201 request:0.068s]
[2025-02-08T12:26:28.152+0000] {base.py:271} INFO - PUT http://elasticsearch:9200/retail_store_inventory/_doc/195 [status:201 request:0.012s]
[2025-02-08T12:26:28.171+0000] {base.py:271} INFO - PUT http://elasticsearch:9200/retail_store_inventory/_doc/196 [status:201 request:0.010s]
[2025-02-08T12:26:28.186+0000] {base.py:271} INFO - PUT http://elasticsearch:9200/retail_store_inventory/_doc/197 [status:201 request:0.011s]
[2025-02-08T12:26:28.223+0000] {base.py:271} INFO - PUT http://elasticsearch:9200/retail_store_inventory/_doc/198 [status:201 request:0.028s]
[2025-02-08T12:26:28.242+0000] {base.py:271} INFO - PUT http://elasticsearch:9200/retail_store_inventory/_doc/199 [status:201 request:0.012s]
[2025-02-08T12:26:28.273+0000] {base.py:271} INFO - PUT http://elasticsearch:9200/retail_store_inventory/_doc/200 [status:201 request:0.023s]
[2025-02-08T12:26:28.288+0000] {base.py:271} INFO - PUT http://elasticsearch:9200/retail_store_inventory/_doc/201 [status:201 request:0.012s]
[2025-02-08T12:26:28.294+0000] {base.py:271} INFO - PUT http://elasticsearch:9200/retail_store_inventory/_doc/202 [status:201 request:0.003s]
[2025-02-08T12:26:28.317+0000] {base.py:271} INFO - PUT http://elasticsearch:9200/retail_store_inventory/_doc/203 [status:201 request:0.014s]
[2025-02-08T12:26:28.344+0000] {base.py:271} INFO - PUT http://elasticsearch:9200/retail_store_inventory/_doc/204 [status:201 request:0.024s]
[2025-02-08T12:26:28.351+0000] {base.py:271} INFO - PUT http://elasticsearch:9200/retail_store_inventory/_doc/205 [status:201 request:0.004s]
[2025-02-08T12:26:28.358+0000] {base.py:271} INFO - PUT http://elasticsearch:9200/retail_store_inventory/_doc/206 [status:201 request:0.006s]
[2025-02-08T12:26:28.379+0000] {base.py:271} INFO - PUT http://elasticsearch:9200/retail_store_inventory/_doc/207 [status:201 request:0.018s]
[2025-02-08T12:26:28.406+0000] {base.py:271} INFO - PUT http://elasticsearch:9200/retail_store_inventory/_doc/208 [status:201 request:0.024s]
[2025-02-08T12:26:28.415+0000] {base.py:271} INFO - PUT http://elasticsearch:9200/retail_store_inventory/_doc/209 [status:201 request:0.006s]
[2025-02-08T12:26:28.422+0000] {base.py:271} INFO - PUT http://elasticsearch:9200/retail_store_inventory/_doc/210 [status:201 request:0.006s]
[2025-02-08T12:26:28.442+0000] {base.py:271} INFO - PUT http://elasticsearch:9200/retail_store_inventory/_doc/211 [status:201 request:0.014s]
[2025-02-08T12:26:28.460+0000] {base.py:271} INFO - PUT http://elasticsearch:9200/retail_store_inventory/_doc/212 [status:201 request:0.010s]
[2025-02-08T12:26:28.475+0000] {base.py:271} INFO - PUT http://elasticsearch:9200/retail_store_inventory/_doc/213 [status:201 request:0.010s]
[2025-02-08T12:26:28.491+0000] {base.py:271} INFO - PUT http://elasticsearch:9200/retail_store_inventory/_doc/214 [status:201 request:0.013s]
[2025-02-08T12:26:28.507+0000] {base.py:271} INFO - PUT http://elasticsearch:9200/retail_store_inventory/_doc/215 [status:201 request:0.012s]
[2025-02-08T12:26:28.523+0000] {base.py:271} INFO - PUT http://elasticsearch:9200/retail_store_inventory/_doc/216 [status:201 request:0.012s]
[2025-02-08T12:26:28.543+0000] {base.py:271} INFO - PUT http://elasticsearch:9200/retail_store_inventory/_doc/217 [status:201 request:0.016s]
[2025-02-08T12:26:28.559+0000] {base.py:271} INFO - PUT http://elasticsearch:9200/retail_store_inventory/_doc/218 [status:201 request:0.013s]
[2025-02-08T12:26:28.578+0000] {base.py:271} INFO - PUT http://elasticsearch:9200/retail_store_inventory/_doc/219 [status:201 request:0.015s]
[2025-02-08T12:26:28.594+0000] {base.py:271} INFO - PUT http://elasticsearch:9200/retail_store_inventory/_doc/220 [status:201 request:0.013s]
[2025-02-08T12:26:28.632+0000] {base.py:271} INFO - PUT http://elasticsearch:9200/retail_store_inventory/_doc/221 [status:201 request:0.034s]
[2025-02-08T12:26:28.651+0000] {base.py:271} INFO - PUT http://elasticsearch:9200/retail_store_inventory/_doc/222 [status:201 request:0.016s]
[2025-02-08T12:26:28.664+0000] {base.py:271} INFO - PUT http://elasticsearch:9200/retail_store_inventory/_doc/223 [status:201 request:0.010s]
[2025-02-08T12:26:28.675+0000] {base.py:271} INFO - PUT http://elasticsearch:9200/retail_store_inventory/_doc/224 [status:201 request:0.008s]
[2025-02-08T12:26:28.694+0000] {base.py:271} INFO - PUT http://elasticsearch:9200/retail_store_inventory/_doc/225 [status:201 request:0.015s]
[2025-02-08T12:26:28.709+0000] {base.py:271} INFO - PUT http://elasticsearch:9200/retail_store_inventory/_doc/226 [status:201 request:0.010s]
[2025-02-08T12:26:28.731+0000] {base.py:271} INFO - PUT http://elasticsearch:9200/retail_store_inventory/_doc/227 [status:201 request:0.019s]
[2025-02-08T12:26:28.746+0000] {base.py:271} INFO - PUT http://elasticsearch:9200/retail_store_inventory/_doc/228 [status:201 request:0.011s]
[2025-02-08T12:26:28.761+0000] {base.py:271} INFO - PUT http://elasticsearch:9200/retail_store_inventory/_doc/229 [status:201 request:0.012s]
[2025-02-08T12:26:28.804+0000] {base.py:271} INFO - PUT http://elasticsearch:9200/retail_store_inventory/_doc/230 [status:201 request:0.040s]
[2025-02-08T12:26:28.879+0000] {base.py:271} INFO - PUT http://elasticsearch:9200/retail_store_inventory/_doc/231 [status:201 request:0.059s]
[2025-02-08T12:26:29.116+0000] {base.py:271} INFO - PUT http://elasticsearch:9200/retail_store_inventory/_doc/232 [status:201 request:0.219s]
[2025-02-08T12:26:29.326+0000] {base.py:271} INFO - PUT http://elasticsearch:9200/retail_store_inventory/_doc/233 [status:201 request:0.139s]
[2025-02-08T12:26:29.392+0000] {base.py:271} INFO - PUT http://elasticsearch:9200/retail_store_inventory/_doc/234 [status:201 request:0.050s]
[2025-02-08T12:26:29.440+0000] {base.py:271} INFO - PUT http://elasticsearch:9200/retail_store_inventory/_doc/235 [status:201 request:0.028s]
[2025-02-08T12:26:29.645+0000] {base.py:271} INFO - PUT http://elasticsearch:9200/retail_store_inventory/_doc/236 [status:201 request:0.186s]
[2025-02-08T12:26:29.763+0000] {base.py:271} INFO - PUT http://elasticsearch:9200/retail_store_inventory/_doc/237 [status:201 request:0.097s]
[2025-02-08T12:26:29.884+0000] {base.py:271} INFO - PUT http://elasticsearch:9200/retail_store_inventory/_doc/238 [status:201 request:0.093s]
[2025-02-08T12:26:30.075+0000] {base.py:271} INFO - PUT http://elasticsearch:9200/retail_store_inventory/_doc/239 [status:201 request:0.175s]
[2025-02-08T12:26:30.314+0000] {base.py:271} INFO - PUT http://elasticsearch:9200/retail_store_inventory/_doc/240 [status:201 request:0.172s]
[2025-02-08T12:26:30.578+0000] {base.py:271} INFO - PUT http://elasticsearch:9200/retail_store_inventory/_doc/241 [status:201 request:0.206s]
[2025-02-08T12:26:33.011+0000] {base.py:271} INFO - PUT http://elasticsearch:9200/retail_store_inventory/_doc/242 [status:201 request:2.040s]
[2025-02-08T12:26:35.697+0000] {base.py:271} INFO - PUT http://elasticsearch:9200/retail_store_inventory/_doc/243 [status:201 request:2.334s]
[2025-02-08T12:26:41.650+0000] {base.py:271} INFO - PUT http://elasticsearch:9200/retail_store_inventory/_doc/244 [status:201 request:4.064s]
[2025-02-08T12:26:46.022+0000] {base.py:271} INFO - PUT http://elasticsearch:9200/retail_store_inventory/_doc/245 [status:201 request:2.216s]
[2025-02-08T12:26:49.904+0000] {base.py:299} WARNING - PUT http://elasticsearch:9200/retail_store_inventory/_doc/246 [status:N/A request:2.438s]
Traceback (most recent call last):
  File "/home/airflow/.local/lib/python3.7/site-packages/urllib3/connectionpool.py", line 710, in urlopen
    chunked=chunked,
  File "/home/airflow/.local/lib/python3.7/site-packages/urllib3/connectionpool.py", line 449, in _make_request
    six.raise_from(e, None)
  File "<string>", line 3, in raise_from
  File "/home/airflow/.local/lib/python3.7/site-packages/urllib3/connectionpool.py", line 444, in _make_request
    httplib_response = conn.getresponse()
  File "/usr/local/lib/python3.7/http/client.py", line 1373, in getresponse
    response.begin()
  File "/usr/local/lib/python3.7/http/client.py", line 319, in begin
    version, status, reason = self._read_status()
  File "/usr/local/lib/python3.7/http/client.py", line 288, in _read_status
    raise RemoteDisconnected("Remote end closed connection without"
http.client.RemoteDisconnected: Remote end closed connection without response

During handling of the above exception, another exception occurred:

Traceback (most recent call last):
  File "/home/airflow/.local/lib/python3.7/site-packages/elasticsearch/connection/http_urllib3.py", line 252, in perform_request
    method, url, body, retries=Retry(False), headers=request_headers, **kw
  File "/home/airflow/.local/lib/python3.7/site-packages/urllib3/connectionpool.py", line 788, in urlopen
    method, url, error=e, _pool=self, _stacktrace=sys.exc_info()[2]
  File "/home/airflow/.local/lib/python3.7/site-packages/urllib3/util/retry.py", line 525, in increment
    raise six.reraise(type(error), error, _stacktrace)
  File "/home/airflow/.local/lib/python3.7/site-packages/urllib3/packages/six.py", line 769, in reraise
    raise value.with_traceback(tb)
  File "/home/airflow/.local/lib/python3.7/site-packages/urllib3/connectionpool.py", line 710, in urlopen
    chunked=chunked,
  File "/home/airflow/.local/lib/python3.7/site-packages/urllib3/connectionpool.py", line 449, in _make_request
    six.raise_from(e, None)
  File "<string>", line 3, in raise_from
  File "/home/airflow/.local/lib/python3.7/site-packages/urllib3/connectionpool.py", line 444, in _make_request
    httplib_response = conn.getresponse()
  File "/usr/local/lib/python3.7/http/client.py", line 1373, in getresponse
    response.begin()
  File "/usr/local/lib/python3.7/http/client.py", line 319, in begin
    version, status, reason = self._read_status()
  File "/usr/local/lib/python3.7/http/client.py", line 288, in _read_status
    raise RemoteDisconnected("Remote end closed connection without"
urllib3.exceptions.ProtocolError: ('Connection aborted.', RemoteDisconnected('Remote end closed connection without response'))
[2025-02-08T12:26:49.984+0000] {base.py:299} WARNING - PUT http://elasticsearch:9200/retail_store_inventory/_doc/246 [status:N/A request:0.005s]
Traceback (most recent call last):
  File "/home/airflow/.local/lib/python3.7/site-packages/urllib3/connection.py", line 175, in _new_conn
    (self._dns_host, self.port), self.timeout, **extra_kw
  File "/home/airflow/.local/lib/python3.7/site-packages/urllib3/util/connection.py", line 95, in create_connection
    raise err
  File "/home/airflow/.local/lib/python3.7/site-packages/urllib3/util/connection.py", line 85, in create_connection
    sock.connect(sa)
ConnectionRefusedError: [Errno 111] Connection refused

During handling of the above exception, another exception occurred:

Traceback (most recent call last):
  File "/home/airflow/.local/lib/python3.7/site-packages/elasticsearch/connection/http_urllib3.py", line 252, in perform_request
    method, url, body, retries=Retry(False), headers=request_headers, **kw
  File "/home/airflow/.local/lib/python3.7/site-packages/urllib3/connectionpool.py", line 788, in urlopen
    method, url, error=e, _pool=self, _stacktrace=sys.exc_info()[2]
  File "/home/airflow/.local/lib/python3.7/site-packages/urllib3/util/retry.py", line 525, in increment
    raise six.reraise(type(error), error, _stacktrace)
  File "/home/airflow/.local/lib/python3.7/site-packages/urllib3/packages/six.py", line 770, in reraise
    raise value
  File "/home/airflow/.local/lib/python3.7/site-packages/urllib3/connectionpool.py", line 710, in urlopen
    chunked=chunked,
  File "/home/airflow/.local/lib/python3.7/site-packages/urllib3/connectionpool.py", line 398, in _make_request
    conn.request(method, url, **httplib_request_kw)
  File "/home/airflow/.local/lib/python3.7/site-packages/urllib3/connection.py", line 239, in request
    super(HTTPConnection, self).request(method, url, body=body, headers=headers)
  File "/usr/local/lib/python3.7/http/client.py", line 1281, in request
    self._send_request(method, url, body, headers, encode_chunked)
  File "/usr/local/lib/python3.7/http/client.py", line 1327, in _send_request
    self.endheaders(body, encode_chunked=encode_chunked)
  File "/usr/local/lib/python3.7/http/client.py", line 1276, in endheaders
    self._send_output(message_body, encode_chunked=encode_chunked)
  File "/usr/local/lib/python3.7/http/client.py", line 1036, in _send_output
    self.send(msg)
  File "/usr/local/lib/python3.7/http/client.py", line 976, in send
    self.connect()
  File "/home/airflow/.local/lib/python3.7/site-packages/urllib3/connection.py", line 205, in connect
    conn = self._new_conn()
  File "/home/airflow/.local/lib/python3.7/site-packages/urllib3/connection.py", line 187, in _new_conn
    self, "Failed to establish a new connection: %s" % e
urllib3.exceptions.NewConnectionError: <urllib3.connection.HTTPConnection object at 0xffff78f98e10>: Failed to establish a new connection: [Errno 111] Connection refused
[2025-02-08T12:26:49.988+0000] {base.py:299} WARNING - PUT http://elasticsearch:9200/retail_store_inventory/_doc/246 [status:N/A request:0.001s]
Traceback (most recent call last):
  File "/home/airflow/.local/lib/python3.7/site-packages/urllib3/connection.py", line 175, in _new_conn
    (self._dns_host, self.port), self.timeout, **extra_kw
  File "/home/airflow/.local/lib/python3.7/site-packages/urllib3/util/connection.py", line 95, in create_connection
    raise err
  File "/home/airflow/.local/lib/python3.7/site-packages/urllib3/util/connection.py", line 85, in create_connection
    sock.connect(sa)
ConnectionRefusedError: [Errno 111] Connection refused

During handling of the above exception, another exception occurred:

Traceback (most recent call last):
  File "/home/airflow/.local/lib/python3.7/site-packages/elasticsearch/connection/http_urllib3.py", line 252, in perform_request
    method, url, body, retries=Retry(False), headers=request_headers, **kw
  File "/home/airflow/.local/lib/python3.7/site-packages/urllib3/connectionpool.py", line 788, in urlopen
    method, url, error=e, _pool=self, _stacktrace=sys.exc_info()[2]
  File "/home/airflow/.local/lib/python3.7/site-packages/urllib3/util/retry.py", line 525, in increment
    raise six.reraise(type(error), error, _stacktrace)
  File "/home/airflow/.local/lib/python3.7/site-packages/urllib3/packages/six.py", line 770, in reraise
    raise value
  File "/home/airflow/.local/lib/python3.7/site-packages/urllib3/connectionpool.py", line 710, in urlopen
    chunked=chunked,
  File "/home/airflow/.local/lib/python3.7/site-packages/urllib3/connectionpool.py", line 398, in _make_request
    conn.request(method, url, **httplib_request_kw)
  File "/home/airflow/.local/lib/python3.7/site-packages/urllib3/connection.py", line 239, in request
    super(HTTPConnection, self).request(method, url, body=body, headers=headers)
  File "/usr/local/lib/python3.7/http/client.py", line 1281, in request
    self._send_request(method, url, body, headers, encode_chunked)
  File "/usr/local/lib/python3.7/http/client.py", line 1327, in _send_request
    self.endheaders(body, encode_chunked=encode_chunked)
  File "/usr/local/lib/python3.7/http/client.py", line 1276, in endheaders
    self._send_output(message_body, encode_chunked=encode_chunked)
  File "/usr/local/lib/python3.7/http/client.py", line 1036, in _send_output
    self.send(msg)
  File "/usr/local/lib/python3.7/http/client.py", line 976, in send
    self.connect()
  File "/home/airflow/.local/lib/python3.7/site-packages/urllib3/connection.py", line 205, in connect
    conn = self._new_conn()
  File "/home/airflow/.local/lib/python3.7/site-packages/urllib3/connection.py", line 187, in _new_conn
    self, "Failed to establish a new connection: %s" % e
urllib3.exceptions.NewConnectionError: <urllib3.connection.HTTPConnection object at 0xffff78efca90>: Failed to establish a new connection: [Errno 111] Connection refused
[2025-02-08T12:26:49.989+0000] {base.py:299} WARNING - PUT http://elasticsearch:9200/retail_store_inventory/_doc/246 [status:N/A request:0.000s]
Traceback (most recent call last):
  File "/home/airflow/.local/lib/python3.7/site-packages/urllib3/connection.py", line 175, in _new_conn
    (self._dns_host, self.port), self.timeout, **extra_kw
  File "/home/airflow/.local/lib/python3.7/site-packages/urllib3/util/connection.py", line 95, in create_connection
    raise err
  File "/home/airflow/.local/lib/python3.7/site-packages/urllib3/util/connection.py", line 85, in create_connection
    sock.connect(sa)
ConnectionRefusedError: [Errno 111] Connection refused

During handling of the above exception, another exception occurred:

Traceback (most recent call last):
  File "/home/airflow/.local/lib/python3.7/site-packages/elasticsearch/connection/http_urllib3.py", line 252, in perform_request
    method, url, body, retries=Retry(False), headers=request_headers, **kw
  File "/home/airflow/.local/lib/python3.7/site-packages/urllib3/connectionpool.py", line 788, in urlopen
    method, url, error=e, _pool=self, _stacktrace=sys.exc_info()[2]
  File "/home/airflow/.local/lib/python3.7/site-packages/urllib3/util/retry.py", line 525, in increment
    raise six.reraise(type(error), error, _stacktrace)
  File "/home/airflow/.local/lib/python3.7/site-packages/urllib3/packages/six.py", line 770, in reraise
    raise value
  File "/home/airflow/.local/lib/python3.7/site-packages/urllib3/connectionpool.py", line 710, in urlopen
    chunked=chunked,
  File "/home/airflow/.local/lib/python3.7/site-packages/urllib3/connectionpool.py", line 398, in _make_request
    conn.request(method, url, **httplib_request_kw)
  File "/home/airflow/.local/lib/python3.7/site-packages/urllib3/connection.py", line 239, in request
    super(HTTPConnection, self).request(method, url, body=body, headers=headers)
  File "/usr/local/lib/python3.7/http/client.py", line 1281, in request
    self._send_request(method, url, body, headers, encode_chunked)
  File "/usr/local/lib/python3.7/http/client.py", line 1327, in _send_request
    self.endheaders(body, encode_chunked=encode_chunked)
  File "/usr/local/lib/python3.7/http/client.py", line 1276, in endheaders
    self._send_output(message_body, encode_chunked=encode_chunked)
  File "/usr/local/lib/python3.7/http/client.py", line 1036, in _send_output
    self.send(msg)
  File "/usr/local/lib/python3.7/http/client.py", line 976, in send
    self.connect()
  File "/home/airflow/.local/lib/python3.7/site-packages/urllib3/connection.py", line 205, in connect
    conn = self._new_conn()
  File "/home/airflow/.local/lib/python3.7/site-packages/urllib3/connection.py", line 187, in _new_conn
    self, "Failed to establish a new connection: %s" % e
urllib3.exceptions.NewConnectionError: <urllib3.connection.HTTPConnection object at 0xffff78f39bd0>: Failed to establish a new connection: [Errno 111] Connection refused
[2025-02-08T12:26:49.991+0000] {taskinstance.py:1902} ERROR - Task failed with exception
Traceback (most recent call last):
  File "/home/airflow/.local/lib/python3.7/site-packages/urllib3/connection.py", line 175, in _new_conn
    (self._dns_host, self.port), self.timeout, **extra_kw
  File "/home/airflow/.local/lib/python3.7/site-packages/urllib3/util/connection.py", line 95, in create_connection
    raise err
  File "/home/airflow/.local/lib/python3.7/site-packages/urllib3/util/connection.py", line 85, in create_connection
    sock.connect(sa)
ConnectionRefusedError: [Errno 111] Connection refused

During handling of the above exception, another exception occurred:

Traceback (most recent call last):
  File "/home/airflow/.local/lib/python3.7/site-packages/elasticsearch/connection/http_urllib3.py", line 252, in perform_request
    method, url, body, retries=Retry(False), headers=request_headers, **kw
  File "/home/airflow/.local/lib/python3.7/site-packages/urllib3/connectionpool.py", line 788, in urlopen
    method, url, error=e, _pool=self, _stacktrace=sys.exc_info()[2]
  File "/home/airflow/.local/lib/python3.7/site-packages/urllib3/util/retry.py", line 525, in increment
    raise six.reraise(type(error), error, _stacktrace)
  File "/home/airflow/.local/lib/python3.7/site-packages/urllib3/packages/six.py", line 770, in reraise
    raise value
  File "/home/airflow/.local/lib/python3.7/site-packages/urllib3/connectionpool.py", line 710, in urlopen
    chunked=chunked,
  File "/home/airflow/.local/lib/python3.7/site-packages/urllib3/connectionpool.py", line 398, in _make_request
    conn.request(method, url, **httplib_request_kw)
  File "/home/airflow/.local/lib/python3.7/site-packages/urllib3/connection.py", line 239, in request
    super(HTTPConnection, self).request(method, url, body=body, headers=headers)
  File "/usr/local/lib/python3.7/http/client.py", line 1281, in request
    self._send_request(method, url, body, headers, encode_chunked)
  File "/usr/local/lib/python3.7/http/client.py", line 1327, in _send_request
    self.endheaders(body, encode_chunked=encode_chunked)
  File "/usr/local/lib/python3.7/http/client.py", line 1276, in endheaders
    self._send_output(message_body, encode_chunked=encode_chunked)
  File "/usr/local/lib/python3.7/http/client.py", line 1036, in _send_output
    self.send(msg)
  File "/usr/local/lib/python3.7/http/client.py", line 976, in send
    self.connect()
  File "/home/airflow/.local/lib/python3.7/site-packages/urllib3/connection.py", line 205, in connect
    conn = self._new_conn()
  File "/home/airflow/.local/lib/python3.7/site-packages/urllib3/connection.py", line 187, in _new_conn
    self, "Failed to establish a new connection: %s" % e
urllib3.exceptions.NewConnectionError: <urllib3.connection.HTTPConnection object at 0xffff78f39bd0>: Failed to establish a new connection: [Errno 111] Connection refused

During handling of the above exception, another exception occurred:

Traceback (most recent call last):
  File "/home/airflow/.local/lib/python3.7/site-packages/airflow/operators/python.py", line 171, in execute
    return_value = self.execute_callable()
  File "/home/airflow/.local/lib/python3.7/site-packages/airflow/operators/python.py", line 189, in execute_callable
    return self.python_callable(*self.op_args, **self.op_kwargs)
  File "/opt/airflow/dags/P2M3_RizkySP_DAG.py", line 83, in post_to_elasticsearch
    es.index(index=index_name, id=i, body=doc)
  File "/home/airflow/.local/lib/python3.7/site-packages/elasticsearch/client/utils.py", line 168, in _wrapped
    return func(*args, params=params, headers=headers, **kwargs)
  File "/home/airflow/.local/lib/python3.7/site-packages/elasticsearch/client/__init__.py", line 411, in index
    body=body,
  File "/home/airflow/.local/lib/python3.7/site-packages/elasticsearch/transport.py", line 413, in perform_request
    raise e
  File "/home/airflow/.local/lib/python3.7/site-packages/elasticsearch/transport.py", line 388, in perform_request
    timeout=timeout,
  File "/home/airflow/.local/lib/python3.7/site-packages/elasticsearch/connection/http_urllib3.py", line 266, in perform_request
    raise ConnectionError("N/A", str(e), e)
elasticsearch.exceptions.ConnectionError: ConnectionError(<urllib3.connection.HTTPConnection object at 0xffff78f39bd0>: Failed to establish a new connection: [Errno 111] Connection refused) caused by: NewConnectionError(<urllib3.connection.HTTPConnection object at 0xffff78f39bd0>: Failed to establish a new connection: [Errno 111] Connection refused)
[2025-02-08T12:26:50.050+0000] {taskinstance.py:1412} INFO - Marking task as FAILED. dag_id=pipeline_milestone_3, task_id=post_to_elasticsearch, execution_date=20250208T122551, start_date=20250208T122609, end_date=20250208T122650
[2025-02-08T12:26:50.092+0000] {standard_task_runner.py:97} ERROR - Failed to execute job 77 for task post_to_elasticsearch (ConnectionError(<urllib3.connection.HTTPConnection object at 0xffff78f39bd0>: Failed to establish a new connection: [Errno 111] Connection refused) caused by: NewConnectionError(<urllib3.connection.HTTPConnection object at 0xffff78f39bd0>: Failed to establish a new connection: [Errno 111] Connection refused); 641)
[2025-02-08T12:26:50.113+0000] {local_task_job.py:156} INFO - Task exited with return code 1
[2025-02-08T12:26:50.179+0000] {local_task_job.py:279} INFO - 0 downstream tasks scheduled from follow-on schedule check
